#
# A fatal error has been detected by the Java Runtime Environment:
#
#  EXCEPTION_ACCESS_VIOLATION (0xc0000005) at pc=0x0000026fdce40fa4, pid=7180, tid=8764
#
# JRE version: OpenJDK Runtime Environment Temurin-21.0.4+7 (21.0.4+7) (build 21.0.4+7-LTS)
# Java VM: OpenJDK 64-Bit Server VM Temurin-21.0.4+7 (21.0.4+7-LTS, mixed mode, emulated-client, tiered, compressed oops, compressed class ptrs, g1 gc, windows-amd64)
# Problematic frame:
# v  ~BufferBlob::MethodHandles adapters 0x0000026fdce40fa4
#
# No core dump will be written. Minidumps are not enabled by default on client versions of Windows
#
# If you would like to submit a bug report, please visit:
#   https://github.com/adoptium/adoptium-support/issues
#

---------------  S U M M A R Y ------------

Command Line: -XX:+ShowCodeDetailsInExceptionMessages -agentlib:jdwp=transport=dt_socket,suspend=y,address=localhost:55317 -Dcom.sun.management.jmxremote -Dcom.sun.management.jmxremote.port=55309 -Dcom.sun.management.jmxremote.authenticate=false -Dcom.sun.management.jmxremote.ssl=false -Djava.rmi.server.hostname=localhost -Dspring.jmx.enabled=true -Dmanagement.endpoints.jmx.exposure.include=* -Dspring.application.admin.enabled=true -XX:TieredStopAtLevel=1 -Dspring.boot.project.name=National_Zoo -javaagent:C:\Users\naman\Documents\Spring Boot tool suit\sts-4.25.0.RELEASE\configuration\org.eclipse.osgi\270\0\.cp\lib\javaagent-shaded.jar -Dfile.encoding=UTF-8 -Dstdout.encoding=UTF-8 -Dstderr.encoding=UTF-8 com.example.naman.NationalZooApplication --spring.output.ansi.enabled=always

Host: Intel(R) Core(TM) i7-2630QM CPU @ 2.00GHz, 8 cores, 11G,  Windows 10 , 64 bit Build 19041 (10.0.19041.4957)
Time: Tue Oct 15 18:22:41 2024 India Standard Time elapsed time: 139.332045 seconds (0d 0h 2m 19s)

---------------  T H R E A D  ---------------

Current thread (0x0000026febaf0210):  JavaThread "http-nio-8080-exec-2" daemon [_thread_in_Java, id=8764, stack(0x000000d52fc00000,0x000000d52fd00000) (1024K)]

Stack: [0x000000d52fc00000,0x000000d52fd00000],  sp=0x000000d52fcfcd18,  free space=1011k
Native frames: (J=compiled Java code, j=interpreted, Vv=VM code, C=native code)
C  0x0000026fdce40fa4

The last pc belongs to _linkToVirtual (printed below).

siginfo: EXCEPTION_ACCESS_VIOLATION (0xc0000005), reading address 0x000000102b391da2


Registers:
RAX=0x0000026fdce1958b, RBX=0x0000000744035cc8, RCX=0x000000d52fcfcd20, RDX=0x0000000000000002
RSP=0x000000d52fcfcd18, RBP=0x000000d52fcfcd68, RSI=0x0000026febf71e18, RDI=0x0000026fecf0e770
R8 =0x0000000000000004, R9 =0x0000000000000004, R10=0x00000008e73ec7ba, R11=0x00000000e87f4a84
R12=0x0000000000000000, R13=0x000000d52fcfcd18, R14=0x000000d52fcfcd88, R15=0x0000026febaf0210
RIP=0x0000026fdce40fa4, EFLAGS=0x0000000000010202


Register to memory mapping:

RAX=0x0000026fdce1958b is at code_begin+4363 in an Interpreter codelet
return entry points  [0x0000026fdce18480, 0x0000026fdce1a298]  7704 bytes
RBX=0x0000000744035cc8 is an oop: com.example.naman.services.UserService 
{0x0000000744035cc8} - klass: 'com/example/naman/services/UserService'
 - ---- fields (total size 3 words):
 - private 'userRepository' 'Lcom/example/naman/repositories/UserRepository;' @12  a 'jdk/proxy2/$Proxy138'{0x00000007440349f8} (0xe880693f)
 - private 'cityRepository' 'Lcom/example/naman/repositories/CityRepository;' @16  a 'jdk/proxy2/$Proxy134'{0x0000000743fa5420} (0xe87f4a84)
RCX=0x000000d52fcfcd20 is pointing into the stack for thread: 0x0000026febaf0210
RDX=0x0000000000000002 is an unknown value
RSP=0x000000d52fcfcd18 is pointing into the stack for thread: 0x0000026febaf0210
RBP=0x000000d52fcfcd68 is pointing into the stack for thread: 0x0000026febaf0210
RSI=0x0000026febf71e18 points into unknown readable memory: 0x8800050072a648e3 | e3 48 a6 72 00 05 00 88
RDI=0x0000026fecf0e770 points into unknown readable memory: 0x0000001800000060 | 60 00 00 00 18 00 00 00
R8 =0x0000000000000004 is an unknown value
R9 =0x0000000000000004 is an unknown value
R10=0x00000008e73ec7ba is an unknown value
R11=3900656260 is a compressed pointer to object: jdk.proxy2.$Proxy134 
{0x0000000743fa5420} - klass: 'jdk/proxy2/$Proxy134'
 - ---- fields (total size 2 words):
 - protected 'h' 'Ljava/lang/reflect/InvocationHandler;' @12  a 'org/springframework/aop/framework/JdkDynamicAopProxy'{0x0000000743fa5430} (0xe87f4a86)
R12=0x0 is null
R13=0x000000d52fcfcd18 is pointing into the stack for thread: 0x0000026febaf0210
R14=0x000000d52fcfcd88 is pointing into the stack for thread: 0x0000026febaf0210
R15=0x0000026febaf0210 is a thread

Top of Stack: (sp=0x000000d52fcfcd18)
0x000000d52fcfcd18:   0000026fdce1958b 000000d52fcfcd20
0x000000d52fcfcd28:   0000026fe73ec7ba 0000000000000004
0x000000d52fcfcd38:   0000026fe73f0a48 0000000744e8b850
0x000000d52fcfcd48:   0000000741cc8c58 0000026fe73ec7c8
0x000000d52fcfcd58:   000000d52fcfcd18 000000d52fcfcd90
0x000000d52fcfcd68:   000000d52fcfd0a0 0000026fdd56e110
0x000000d52fcfcd78:   0000000744141a80 0000000744035cc8
0x000000d52fcfcd88:   0000000744141a18 000000d52fcfd0a0
0x000000d52fcfcd98:   0000026fdd9a92a4 00000007421bf648
0x000000d52fcfcda8:   00000007441419f0 0000000744035cc8
0x000000d52fcfcdb8:   0000000744141ac8 0000000744141a18
0x000000d52fcfcdc8:   0000000744035cc8 0000026fdd56e04c
0x000000d52fcfcdd8:   0000000800a24000 000000d52fcfd0a0
0x000000d52fcfcde8:   0000026fdd7f28aa 0000000800000000
0x000000d52fcfcdf8:   00000007439594f0 00000007421bf648
0x000000d52fcfce08:   0000000744e8b850 0000000744e8b828
0x000000d52fcfce18:   0000026f00000001 00000007421bf648
0x000000d52fcfce28:   00000007428b9fa8 000000074382c5d0
0x000000d52fcfce38:   00007ff9b9241226 000000d52fcfd0a0
0x000000d52fcfce48:   0000026fdd1b786c 0000026fecc2a320
0x000000d52fcfce58:   0000000744e8ab20 000000d52fcfd0a0
0x000000d52fcfce68:   0000026fdd9a8c74 0000000000000000
0x000000d52fcfce78:   0000000000000000 0000000000000000
0x000000d52fcfce88:   0000000000000000 0000000000000000
0x000000d52fcfce98:   0000000000000000 00000007441419d0
0x000000d52fcfcea8:   0000000744035ce0 0000000744035cc8
0x000000d52fcfceb8:   0000026fedec3700 00000007439594f0
0x000000d52fcfcec8:   0000000741cc95c8 00000007439594f0
0x000000d52fcfced8:   0000000700000000 0000000000000000
0x000000d52fcfcee8:   0000000744e8b850 000000d52fcfd0a0
0x000000d52fcfcef8:   0000026fdd99b699 00000007439594f0
0x000000d52fcfcf08:   00000007441419f0 000000d52fcfd0a0 

Instructions: (pc=0x0000026fdce40fa4)
0x0000026fdce40ea4:   6f 02 00 00 00 0f e4 dc 6f 02 00 00 80 1f e4 dc
0x0000026fdce40eb4:   6f 02 00 00 f0 0e e4 dc 6f 02 00 00 f0 0e e4 dc
0x0000026fdce40ec4:   6f 02 00 00 00 00 00 00 00 00 00 00 d8 26 67 b9
0x0000026fdce40ed4:   f9 7f 00 00 f0 10 00 00 60 00 00 00 ff ff ff ff
0x0000026fdce40ee4:   f0 10 00 00 00 00 00 00 00 00 00 00 00 00 00 00
0x0000026fdce40ef4:   00 00 00 00 00 00 00 00 00 00 00 00 f4 66 66 66
0x0000026fdce40f04:   0f 1f 84 00 00 00 00 00 66 66 66 90 66 66 66 0f
0x0000026fdce40f14:   1f 84 00 00 00 00 00 66 66 66 90 90 48 8b 53 08
0x0000026fdce40f24:   0f b7 52 2e 48 8b 0c d4 8b 59 14 48 c1 e3 03 8b
0x0000026fdce40f34:   5b 28 48 c1 e3 03 8b 5b 24 48 c1 e3 03 48 8b 5b
0x0000026fdce40f44:   10 48 85 db 0f 84 10 00 00 00 41 80 bf e0 05 00
0x0000026fdce40f54:   00 00 74 03 ff 63 38 ff 63 50 e9 9d 16 00 00 66
0x0000026fdce40f64:   66 66 0f 1f 84 00 00 00 00 00 66 66 66 90 66 66
0x0000026fdce40f74:   0f 1f 84 00 00 00 00 00 66 66 66 90 48 8b 53 08
0x0000026fdce40f84:   0f b7 52 2e 48 8b 0c d4 58 5b 50 44 8b 51 08 49
0x0000026fdce40f94:   bb 00 00 00 00 08 00 00 00 4d 03 d3 4c 8b 5b 10
0x0000026fdce40fa4:   4b 8b 9c da c8 01 00 00 48 85 db 0f 84 10 00 00
0x0000026fdce40fb4:   00 41 80 bf e0 05 00 00 00 74 03 ff 63 38 ff 63
0x0000026fdce40fc4:   50 e9 36 16 00 00 66 66 66 0f 1f 84 00 00 00 00
0x0000026fdce40fd4:   00 66 66 66 90 0f 1f 80 00 00 00 00 58 5b 50 8b
0x0000026fdce40fe4:   5b 24 48 c1 e3 03 48 8b 5b 10 48 85 db 0f 84 10
0x0000026fdce40ff4:   00 00 00 41 80 bf e0 05 00 00 00 74 03 ff 63 38
0x0000026fdce41004:   ff 63 50 e9 f4 15 00 00 66 66 66 0f 1f 84 00 00
0x0000026fdce41014:   00 00 00 66 66 66 90 0f 1f 44 00 00 48 8b 53 08
0x0000026fdce41024:   0f b7 52 2e 48 8b 0c d4 58 5b 50 48 3b 01 8b 5b
0x0000026fdce41034:   24 48 c1 e3 03 48 8b 5b 10 48 85 db 0f 84 10 00
0x0000026fdce41044:   00 00 41 80 bf e0 05 00 00 00 74 03 ff 63 38 ff
0x0000026fdce41054:   63 50 e9 a5 15 00 00 0f 1f 44 00 00 48 8b 53 08
0x0000026fdce41064:   0f b7 52 2e 48 8b 0c d4 58 5b 50 44 8b 51 08 49
0x0000026fdce41074:   bb 00 00 00 00 08 00 00 00 4d 03 d3 8b 43 18 48
0x0000026fdce41084:   c1 e0 03 48 8b 40 10 48 8b 5b 10 45 8b 9a a0 00
0x0000026fdce41094:   00 00 4f 8d 9c da c8 01 00 00 4d 8d 14 da 49 8b 


Stack slot to memory mapping:

stack at sp + 0 slots: 0x0000026fdce1958b is at code_begin+4363 in an Interpreter codelet
return entry points  [0x0000026fdce18480, 0x0000026fdce1a298]  7704 bytes
stack at sp + 1 slots: 0x000000d52fcfcd20 is pointing into the stack for thread: 0x0000026febaf0210
stack at sp + 2 slots: 0x0000026fe73ec7ba is pointing into metadata
stack at sp + 3 slots: 0x0000000000000004 is an unknown value
stack at sp + 4 slots: 0x0000026fe73f0a48 is pointing into metadata
stack at sp + 5 slots: 0x0000000744e8b850 is an oop: jdk.internal.reflect.DirectMethodHandleAccessor 
{0x0000000744e8b850} - klass: 'jdk/internal/reflect/DirectMethodHandleAccessor'
 - ---- fields (total size 4 words):
 - private final 'paramCount' 'I' @12  0 (0x00000000)
 - private final 'flags' 'I' @16  0 (0x00000000)
 - private final 'declaringClass' 'Ljava/lang/Class;' @20  a 'java/lang/Class'{0x00000007421bf648} = 'com/example/naman/services/UserService' (0xe8437ec9)
 - private final 'target' 'Ljava/lang/invoke/MethodHandle;' @24  a 'java/lang/invoke/BoundMethodHandle$Species_LL'{0x0000000744e8b828} (0xe89d1705)
stack at sp + 6 slots: 0x0000000741cc8c58 is an oop: java.lang.Class 
{0x0000000741cc8c58} - klass: 'java/lang/Class'
 - ---- fields (total size 14 words):
 - private volatile transient 'classRedefinedCount' 'I' @12  0 (0x00000000)
 - injected 'klass' 'J' @16  34359948240 (0x00000008000333d0)
 - injected 'array_klass' 'J' @24  0 (0x0000000000000000)
 - injected 'oop_size' 'I' @32  14 (0x0000000e)
 - injected 'static_oop_field_count' 'I' @36  0 (0x00000000)
 - private volatile transient 'cachedConstructor' 'Ljava/lang/reflect/Constructor;' @40  null (0x00000000)
 - private transient 'name' 'Ljava/lang/String;' @44  null (0x00000000)
 - private transient 'module' 'Ljava/lang/Module;' @48  a 'java/lang/Module'{0x0000000741cd7280} (0xe839ae50)
 - private final 'classLoader' 'Ljava/lang/ClassLoader;' @52  null (0x00000000)
 - private transient 'classData' 'Ljava/lang/Object;' @56  null (0x00000000)
 - private transient 'packageName' 'Ljava/lang/String;' @60  null (0x00000000)
 - private final 'componentType' 'Ljava/lang/Class;' @64  null (0x00000000)
 - private volatile transient 'reflectionData' 'Ljava/lang/ref/SoftReference;' @68  null (0x00000000)
 - private volatile transient 'genericInfo' 'Lsun/reflect/generics/repository/ClassRepository;' @72  null (0x00000000)
 - private volatile transient 'enumConstants' '[Ljava/lang/Object;' @76  null (0x00000000)
 - private volatile transient 'enumConstantDirectory' 'Ljava/util/Map;' @80  null (0x00000000)
 - private volatile transient 'annotationData' 'Ljava/lang/Class$AnnotationData;' @84  null (0x00000000)
 - private volatile transient 'annotationType' 'Lsun/reflect/annotation/AnnotationType;' @88  null (0x00000000)
 - transient 'classValueMap' 'Ljava/lang/ClassValue$ClassValueMap;' @92  null (0x00000000)
 - injected 'protection_domain' 'Ljava/lang/Object;' @96  null (0x00000000)
 - injected 'signers_name' 'Ljava/lang/Object;' @100  null (0x00000000)
 - injected 'source_file' 'Ljava/lang/Object;' @104  null (0x00000000)
 - signature: Ljava/lang/invoke/DirectMethodHandle$Holder;
 - ---- static fields (0):
stack at sp + 7 slots: {method} {0x0000026fe73ec7d0} 'invokeVirtual' '(Ljava/lang/Object;Ljava/lang/Object;)Ljava/lang/Object;' in 'java/lang/invoke/DirectMethodHandle$Holder'

MethodHandle::interpreter_entry::_linkToVirtual [0x0000026fdce40f63, 0x0000026fdce40fca] (103 bytes)
[MachCode]
  0x0000026fdce40f63: 6666 660f | 1f84 0000 | 0000 0066 | 6666 9066 | 660f 1f84 | 0000 0000 | 0066 6666 | 9048 8b53 
  0x0000026fdce40f83: 080f b752 | 2e48 8b0c | d458 5b50 | 448b 5108 | 49bb 0000 | 0000 0800 | 0000 4d03 | d34c 8b5b 
  0x0000026fdce40fa3: 104b 8b9c | dac8 0100 | 0048 85db | 0f84 1000 | 0000 4180 | bfe0 0500 | 0000 7403 | ff63 38ff 
  0x0000026fdce40fc3: 6350 e936 | 
[/MachCode]

---------------  P R O C E S S  ---------------

Threads class SMR info:
_java_thread_list=0x0000026fee12c930, length=36, elements={
0x0000026fe65c8ce0, 0x0000026fe65c9ee0, 0x0000026fe65cf0f0, 0x0000026fe65ad710,
0x0000026fe65add80, 0x0000026fe65af390, 0x0000026fe65a00b0, 0x0000026fe6737e60,
0x0000026fe6809a70, 0x0000026fe6822f50, 0x0000026fe68256f0, 0x0000026feb3abb50,
0x0000026feb5f3800, 0x0000026feb612c80, 0x0000026feb6404b0, 0x0000026feb682df0,
0x0000026feb6c3430, 0x0000026feb85f640, 0x0000026febaeee60, 0x0000026febaee7d0,
0x0000026febaef4f0, 0x0000026febaecd90, 0x0000026febaed420, 0x0000026febaee140,
0x0000026febaf0210, 0x0000026febaefb80, 0x0000026fedcf74f0, 0x0000026fedcf7b80,
0x0000026fedcf8210, 0x0000026fedcf88a0, 0x0000026fedcf6e60, 0x0000026fedcf8f30,
0x0000026fedcf95c0, 0x0000026fedcf9c50, 0x0000026fedcfa2e0, 0x0000026fede22310
}

Java Threads: ( => current thread )
  0x0000026fe65c8ce0 JavaThread "Reference Handler"          daemon [_thread_blocked, id=10576, stack(0x000000d52d900000,0x000000d52da00000) (1024K)]
  0x0000026fe65c9ee0 JavaThread "Finalizer"                  daemon [_thread_blocked, id=11928, stack(0x000000d52da00000,0x000000d52db00000) (1024K)]
  0x0000026fe65cf0f0 JavaThread "Signal Dispatcher"          daemon [_thread_blocked, id=12468, stack(0x000000d52db00000,0x000000d52dc00000) (1024K)]
  0x0000026fe65ad710 JavaThread "Attach Listener"            daemon [_thread_blocked, id=7548, stack(0x000000d52dc00000,0x000000d52dd00000) (1024K)]
  0x0000026fe65add80 JavaThread "Service Thread"             daemon [_thread_blocked, id=9848, stack(0x000000d52dd00000,0x000000d52de00000) (1024K)]
  0x0000026fe65af390 JavaThread "Monitor Deflation Thread"   daemon [_thread_blocked, id=16328, stack(0x000000d52de00000,0x000000d52df00000) (1024K)]
  0x0000026fe65a00b0 JavaThread "C1 CompilerThread0"         daemon [_thread_blocked, id=3412, stack(0x000000d52df00000,0x000000d52e000000) (1024K)]
  0x0000026fe6737e60 JavaThread "Common-Cleaner"             daemon [_thread_blocked, id=3956, stack(0x000000d52e000000,0x000000d52e100000) (1024K)]
  0x0000026fe6809a70 JavaThread "JDWP Transport Listener: dt_socket" daemon [_thread_blocked, id=15384, stack(0x000000d52e200000,0x000000d52e300000) (1024K)]
  0x0000026fe6822f50 JavaThread "JDWP Event Helper Thread"   daemon [_thread_blocked, id=7312, stack(0x000000d52e300000,0x000000d52e400000) (1024K)]
  0x0000026fe68256f0 JavaThread "JDWP Command Reader"        daemon [_thread_in_native, id=8672, stack(0x000000d52e400000,0x000000d52e500000) (1024K)]
  0x0000026feb3abb50 JavaThread "Notification Thread"        daemon [_thread_blocked, id=1368, stack(0x000000d52e500000,0x000000d52e600000) (1024K)]
  0x0000026feb5f3800 JavaThread "RMI TCP Accept-0"           daemon [_thread_in_native, id=2176, stack(0x000000d52e700000,0x000000d52e800000) (1024K)]
  0x0000026feb612c80 JavaThread "RMI TCP Accept-55309"       daemon [_thread_in_native, id=15340, stack(0x000000d52ef00000,0x000000d52f000000) (1024K)]
  0x0000026feb6404b0 JavaThread "RMI TCP Accept-0"           daemon [_thread_in_native, id=6236, stack(0x000000d52f000000,0x000000d52f100000) (1024K)]
  0x0000026feb682df0 JavaThread "RMI Scheduler(0)"           daemon [_thread_blocked, id=4856, stack(0x000000d52f200000,0x000000d52f300000) (1024K)]
  0x0000026feb6c3430 JavaThread "RMI TCP Connection(5)-127.0.0.1" daemon [_thread_in_native, id=7652, stack(0x000000d52f300000,0x000000d52f400000) (1024K)]
  0x0000026feb85f640 JavaThread "JMX server connection timeout 38" daemon [_thread_blocked, id=2976, stack(0x000000d52f400000,0x000000d52f500000) (1024K)]
  0x0000026febaeee60 JavaThread "Catalina-utility-1"                [_thread_blocked, id=15448, stack(0x000000d52f600000,0x000000d52f700000) (1024K)]
  0x0000026febaee7d0 JavaThread "Catalina-utility-2"                [_thread_blocked, id=8992, stack(0x000000d52f800000,0x000000d52f900000) (1024K)]
  0x0000026febaef4f0 JavaThread "container-0"                       [_thread_blocked, id=3632, stack(0x000000d52f900000,0x000000d52fa00000) (1024K)]
  0x0000026febaecd90 JavaThread "mysql-cj-abandoned-connection-cleanup" daemon [_thread_blocked, id=14624, stack(0x000000d52fa00000,0x000000d52fb00000) (1024K)]
  0x0000026febaed420 JavaThread "HikariPool-1 housekeeper"   daemon [_thread_blocked, id=11604, stack(0x000000d52fb00000,0x000000d52fc00000) (1024K)]
  0x0000026febaee140 JavaThread "http-nio-8080-exec-1"       daemon [_thread_blocked, id=3296, stack(0x000000d52e600000,0x000000d52e700000) (1024K)]
=>0x0000026febaf0210 JavaThread "http-nio-8080-exec-2"       daemon [_thread_in_Java, id=8764, stack(0x000000d52fc00000,0x000000d52fd00000) (1024K)]
  0x0000026febaefb80 JavaThread "http-nio-8080-exec-3"       daemon [_thread_blocked, id=9512, stack(0x000000d52fd00000,0x000000d52fe00000) (1024K)]
  0x0000026fedcf74f0 JavaThread "http-nio-8080-exec-4"       daemon [_thread_blocked, id=8080, stack(0x000000d52fe00000,0x000000d52ff00000) (1024K)]
  0x0000026fedcf7b80 JavaThread "http-nio-8080-exec-5"       daemon [_thread_blocked, id=15908, stack(0x000000d52ff00000,0x000000d530000000) (1024K)]
  0x0000026fedcf8210 JavaThread "http-nio-8080-exec-6"       daemon [_thread_blocked, id=15828, stack(0x000000d530000000,0x000000d530100000) (1024K)]
  0x0000026fedcf88a0 JavaThread "http-nio-8080-exec-7"       daemon [_thread_blocked, id=11316, stack(0x000000d530100000,0x000000d530200000) (1024K)]
  0x0000026fedcf6e60 JavaThread "http-nio-8080-exec-8"       daemon [_thread_blocked, id=15244, stack(0x000000d530200000,0x000000d530300000) (1024K)]
  0x0000026fedcf8f30 JavaThread "http-nio-8080-exec-9"       daemon [_thread_blocked, id=3276, stack(0x000000d530300000,0x000000d530400000) (1024K)]
  0x0000026fedcf95c0 JavaThread "http-nio-8080-exec-10"      daemon [_thread_blocked, id=9604, stack(0x000000d530400000,0x000000d530500000) (1024K)]
  0x0000026fedcf9c50 JavaThread "http-nio-8080-Poller"       daemon [_thread_in_native, id=476, stack(0x000000d530500000,0x000000d530600000) (1024K)]
  0x0000026fedcfa2e0 JavaThread "http-nio-8080-Acceptor"     daemon [_thread_in_native, id=10960, stack(0x000000d530600000,0x000000d530700000) (1024K)]
  0x0000026fede22310 JavaThread "DestroyJavaVM"                     [_thread_blocked, id=13696, stack(0x000000d52d100000,0x000000d52d200000) (1024K)]
Total: 36

Other Threads:
  0x0000026fd70027b0 VMThread "VM Thread"                           [id=4992, stack(0x000000d52d800000,0x000000d52d900000) (1024K)]
  0x0000026fe64b7770 WatcherThread "VM Periodic Task Thread"        [id=380, stack(0x000000d52d700000,0x000000d52d800000) (1024K)]
  0x0000026fd7002410 WorkerThread "GC Thread#0"                     [id=15708, stack(0x000000d52d200000,0x000000d52d300000) (1024K)]
  0x0000026fd7002ef0 WorkerThread "GC Thread#1"                     [id=804, stack(0x000000d52e800000,0x000000d52e900000) (1024K)]
  0x0000026fd7001590 WorkerThread "GC Thread#2"                     [id=4072, stack(0x000000d52e900000,0x000000d52ea00000) (1024K)]
  0x0000026feb605040 WorkerThread "GC Thread#3"                     [id=3140, stack(0x000000d52ea00000,0x000000d52eb00000) (1024K)]
  0x0000026feb608300 WorkerThread "GC Thread#4"                     [id=11136, stack(0x000000d52eb00000,0x000000d52ec00000) (1024K)]
  0x0000026feb605780 WorkerThread "GC Thread#5"                     [id=2056, stack(0x000000d52ec00000,0x000000d52ed00000) (1024K)]
  0x0000026feb606260 WorkerThread "GC Thread#6"                     [id=9312, stack(0x000000d52ed00000,0x000000d52ee00000) (1024K)]
  0x0000026feb6070e0 WorkerThread "GC Thread#7"                     [id=16124, stack(0x000000d52ee00000,0x000000d52ef00000) (1024K)]
  0x0000026fd93745a0 ConcurrentGCThread "G1 Main Marker"            [id=7432, stack(0x000000d52d300000,0x000000d52d400000) (1024K)]
  0x0000026fd7001930 WorkerThread "G1 Conc#0"                       [id=15820, stack(0x000000d52d400000,0x000000d52d500000) (1024K)]
  0x0000026feb6086a0 WorkerThread "G1 Conc#1"                       [id=15884, stack(0x000000d52f500000,0x000000d52f600000) (1024K)]
  0x0000026fe638a110 ConcurrentGCThread "G1 Refine#0"               [id=15480, stack(0x000000d52d500000,0x000000d52d600000) (1024K)]
  0x0000026fe638d950 ConcurrentGCThread "G1 Service"                [id=10676, stack(0x000000d52d600000,0x000000d52d700000) (1024K)]
Total: 15

Threads with active compile tasks:
Total: 0

VM state: not at safepoint (normal execution)

VM Mutex/Monitor currently owned by a thread: None

Heap address: 0x0000000741a00000, size: 3046 MB, Compressed Oops mode: Zero based, Oop shift amount: 3

CDS archive(s) not mapped
Compressed class space mapped at: 0x0000000800000000-0x0000000840000000, reserved size: 1073741824
Narrow klass base: 0x0000000800000000, Narrow klass shift: 0, Narrow klass range: 0x40000000

GC Precious Log:
 CardTable entry size: 512
 Card Set container configuration: InlinePtr #cards 4 size 8 Array Of Cards #cards 16 size 48 Howl #buckets 8 coarsen threshold 3686 Howl Bitmap #cards 512 size 80 coarsen threshold 460 Card regions per heap region 1 cards per card region 4096
 CPUs: 8 total, 8 available
 Memory: 12182M
 Large Page Support: Disabled
 NUMA Support: Disabled
 Compressed Oops: Enabled (Zero based)
 Heap Region Size: 2M
 Heap Min Capacity: 8M
 Heap Initial Capacity: 192M
 Heap Max Capacity: 3046M
 Pre-touch: Disabled
 Parallel Workers: 8
 Concurrent Workers: 2
 Concurrent Refinement Workers: 8
 Periodic GC: Disabled

Heap:
 garbage-first heap   total 81920K, used 42969K [0x0000000741a00000, 0x0000000800000000)
  region size 2048K, 9 young (18432K), 3 survivors (6144K)
 Metaspace       used 82594K, committed 83328K, reserved 1179648K
  class space    used 10862K, committed 11200K, reserved 1048576K

Heap Regions: E=young(eden), S=young(survivor), O=old, HS=humongous(starts), HC=humongous(continues), CS=collection set, F=free, TAMS=top-at-mark-start, PB=parsable bottom
|   0|0x0000000741a00000, 0x0000000741c00000, 0x0000000741c00000|100%| O|  |TAMS 0x0000000741a00000| PB 0x0000000741a00000| Untracked 
|   1|0x0000000741c00000, 0x0000000741e00000, 0x0000000741e00000|100%| O|  |TAMS 0x0000000741c00000| PB 0x0000000741c00000| Untracked 
|   2|0x0000000741e00000, 0x0000000742000000, 0x0000000742000000|100%| O|  |TAMS 0x0000000741e00000| PB 0x0000000741e00000| Untracked 
|   3|0x0000000742000000, 0x0000000742200000, 0x0000000742200000|100%| O|  |TAMS 0x0000000742000000| PB 0x0000000742000000| Untracked 
|   4|0x0000000742200000, 0x0000000742400000, 0x0000000742400000|100%| O|  |TAMS 0x0000000742200000| PB 0x0000000742200000| Untracked 
|   5|0x0000000742400000, 0x0000000742600000, 0x0000000742600000|100%| O|  |TAMS 0x0000000742400000| PB 0x0000000742400000| Untracked 
|   6|0x0000000742600000, 0x0000000742800000, 0x0000000742800000|100%| O|Cm|TAMS 0x0000000742600000| PB 0x0000000742600000| Complete 
|   7|0x0000000742800000, 0x0000000742a00000, 0x0000000742a00000|100%| O|  |TAMS 0x0000000742800000| PB 0x0000000742800000| Untracked 
|   8|0x0000000742a00000, 0x0000000742c00000, 0x0000000742c00000|100%| O|  |TAMS 0x0000000742a00000| PB 0x0000000742a00000| Untracked 
|   9|0x0000000742c00000, 0x0000000742e00000, 0x0000000742e00000|100%| O|  |TAMS 0x0000000742c00000| PB 0x0000000742c00000| Untracked 
|  10|0x0000000742e00000, 0x0000000742ff6558, 0x0000000743000000| 98%| O|  |TAMS 0x0000000742e00000| PB 0x0000000742e00000| Untracked 
|  11|0x0000000743000000, 0x0000000743200000, 0x0000000743200000|100%| O|  |TAMS 0x0000000743000000| PB 0x0000000743000000| Untracked 
|  12|0x0000000743200000, 0x0000000743400000, 0x0000000743400000|100%| O|  |TAMS 0x0000000743200000| PB 0x0000000743200000| Untracked 
|  13|0x0000000743400000, 0x0000000743400000, 0x0000000743600000|  0%| F|  |TAMS 0x0000000743400000| PB 0x0000000743400000| Untracked 
|  14|0x0000000743600000, 0x0000000743600000, 0x0000000743800000|  0%| F|  |TAMS 0x0000000743600000| PB 0x0000000743600000| Untracked 
|  15|0x0000000743800000, 0x0000000743800000, 0x0000000743a00000|  0%| F|  |TAMS 0x0000000743800000| PB 0x0000000743800000| Untracked 
|  16|0x0000000743a00000, 0x0000000743a00000, 0x0000000743c00000|  0%| F|  |TAMS 0x0000000743a00000| PB 0x0000000743a00000| Untracked 
|  17|0x0000000743c00000, 0x0000000743e00000, 0x0000000743e00000|100%| S|CS|TAMS 0x0000000743c00000| PB 0x0000000743c00000| Complete 
|  18|0x0000000743e00000, 0x0000000744000000, 0x0000000744000000|100%| S|CS|TAMS 0x0000000743e00000| PB 0x0000000743e00000| Complete 
|  19|0x0000000744000000, 0x0000000744200000, 0x0000000744200000|100%| S|CS|TAMS 0x0000000744000000| PB 0x0000000744000000| Complete 
|  20|0x0000000744200000, 0x0000000744200000, 0x0000000744400000|  0%| F|  |TAMS 0x0000000744200000| PB 0x0000000744200000| Untracked 
|  21|0x0000000744400000, 0x0000000744400000, 0x0000000744600000|  0%| F|  |TAMS 0x0000000744400000| PB 0x0000000744400000| Untracked 
|  22|0x0000000744600000, 0x0000000744600000, 0x0000000744800000|  0%| F|  |TAMS 0x0000000744600000| PB 0x0000000744600000| Untracked 
|  23|0x0000000744800000, 0x0000000744800000, 0x0000000744a00000|  0%| F|  |TAMS 0x0000000744800000| PB 0x0000000744800000| Untracked 
|  24|0x0000000744a00000, 0x0000000744a00000, 0x0000000744c00000|  0%| F|  |TAMS 0x0000000744a00000| PB 0x0000000744a00000| Untracked 
|  25|0x0000000744c00000, 0x0000000744c00000, 0x0000000744e00000|  0%| F|  |TAMS 0x0000000744c00000| PB 0x0000000744c00000| Untracked 
|  26|0x0000000744e00000, 0x0000000744e00000, 0x0000000745000000|  0%| F|  |TAMS 0x0000000744e00000| PB 0x0000000744e00000| Untracked 
|  27|0x0000000745000000, 0x0000000745000000, 0x0000000745200000|  0%| F|  |TAMS 0x0000000745000000| PB 0x0000000745000000| Untracked 
|  28|0x0000000745200000, 0x0000000745200000, 0x0000000745400000|  0%| F|  |TAMS 0x0000000745200000| PB 0x0000000745200000| Untracked 
|  29|0x0000000745400000, 0x0000000745400000, 0x0000000745600000|  0%| F|  |TAMS 0x0000000745400000| PB 0x0000000745400000| Untracked 
|  30|0x0000000745600000, 0x0000000745600000, 0x0000000745800000|  0%| F|  |TAMS 0x0000000745600000| PB 0x0000000745600000| Untracked 
|  31|0x0000000745800000, 0x0000000745800000, 0x0000000745a00000|  0%| F|  |TAMS 0x0000000745800000| PB 0x0000000745800000| Untracked 
|  32|0x0000000745a00000, 0x0000000745a00000, 0x0000000745c00000|  0%| F|  |TAMS 0x0000000745a00000| PB 0x0000000745a00000| Untracked 
|  33|0x0000000745c00000, 0x0000000745c00000, 0x0000000745e00000|  0%| F|  |TAMS 0x0000000745c00000| PB 0x0000000745c00000| Untracked 
|  34|0x0000000745e00000, 0x0000000745ea4fe8, 0x0000000746000000| 32%| E|  |TAMS 0x0000000745e00000| PB 0x0000000745e00000| Complete 
|  35|0x0000000746000000, 0x0000000746200000, 0x0000000746200000|100%| E|CS|TAMS 0x0000000746000000| PB 0x0000000746000000| Complete 
|  36|0x0000000746200000, 0x0000000746400000, 0x0000000746400000|100%| E|CS|TAMS 0x0000000746200000| PB 0x0000000746200000| Complete 
|  37|0x0000000746400000, 0x0000000746600000, 0x0000000746600000|100%| E|CS|TAMS 0x0000000746400000| PB 0x0000000746400000| Complete 
|  38|0x0000000746600000, 0x0000000746800000, 0x0000000746800000|100%| E|CS|TAMS 0x0000000746600000| PB 0x0000000746600000| Complete 
|  95|0x000000074d800000, 0x000000074da00000, 0x000000074da00000|100%| E|CS|TAMS 0x000000074d800000| PB 0x000000074d800000| Complete 

Card table byte_map: [0x0000026fe0520000,0x0000026fe0b20000] _byte_map_base: 0x0000026fdcb13000

Marking Bits: (CMBitMap*) 0x0000026fd9366510
 Bits: [0x0000026fe0b20000, 0x0000026fe3ab8000)

Polling page: 0x0000026fd7290000

Metaspace:

Usage:
  Non-class:     70.05 MB used.
      Class:     10.61 MB used.
       Both:     80.66 MB used.

Virtual space:
  Non-class space:      128.00 MB reserved,      70.44 MB ( 55%) committed,  2 nodes.
      Class space:        1.00 GB reserved,      10.94 MB (  1%) committed,  1 nodes.
             Both:        1.12 GB reserved,      81.38 MB (  7%) committed. 

Chunk freelists:
   Non-Class:  9.57 MB
       Class:  5.00 MB
        Both:  14.57 MB

MaxMetaspaceSize: unlimited
CompressedClassSpaceSize: 1.00 GB
Initial GC threshold: 21.00 MB
Current GC threshold: 134.62 MB
CDS: off
 - commit_granule_bytes: 65536.
 - commit_granule_words: 8192.
 - virtual_space_node_default_size: 8388608.
 - enlarge_chunks_in_place: 1.
 - use_allocation_guard: 0.


Internal statistics:

num_allocs_failed_limit: 9.
num_arena_births: 1044.
num_arena_deaths: 54.
num_vsnodes_births: 3.
num_vsnodes_deaths: 0.
num_space_committed: 1302.
num_space_uncommitted: 0.
num_chunks_returned_to_freelist: 80.
num_chunks_taken_from_freelist: 3603.
num_chunk_merges: 23.
num_chunk_splits: 2550.
num_chunks_enlarged: 1956.
num_inconsistent_stats: 0.

CodeCache: size=49152Kb used=11851Kb max_used=12297Kb free=37301Kb
 bounds [0x0000026fdce10000, 0x0000026fdda20000, 0x0000026fdfe10000]
 total_blobs=6887 nmethods=6142 adapters=668
 compilation: enabled
              stopped_count=0, restarted_count=0
 full_count=0

Compilation events (20 events):
Event: 139.162 Thread 0x0000026fe65a00b0 6626       1       java.io.ObjectInputStream$FilterValues::depth (5 bytes)
Event: 139.162 Thread 0x0000026fe65a00b0 nmethod 6626 0x0000026fdd199910 code [0x0000026fdd199aa0, 0x0000026fdd199b68]
Event: 139.162 Thread 0x0000026fe65a00b0 6627       1       java.lang.invoke.MethodHandleImpl$1::unreflectField (22 bytes)
Event: 139.163 Thread 0x0000026fe65a00b0 nmethod 6627 0x0000026fdd199510 code [0x0000026fdd1996c0, 0x0000026fdd199818]
Event: 139.163 Thread 0x0000026fe65a00b0 6628       1       java.lang.invoke.MethodHandles$Lookup::unreflectField (126 bytes)
Event: 139.166 Thread 0x0000026fe65a00b0 nmethod 6628 0x0000026fdd198e10 code [0x0000026fdd198fe0, 0x0000026fdd1992c8]
Event: 139.166 Thread 0x0000026fe65a00b0 6629       1       java.lang.invoke.MemberName::<init> (108 bytes)
Event: 139.168 Thread 0x0000026fe65a00b0 nmethod 6629 0x0000026fdd198810 code [0x0000026fdd1989e0, 0x0000026fdd198cc8]
Event: 139.168 Thread 0x0000026fe65a00b0 6630       1       java.lang.invoke.MethodHandles$Lookup::getDirectFieldNoSecurityManager (12 bytes)
Event: 139.168 Thread 0x0000026fe65a00b0 nmethod 6630 0x0000026fdd198490 code [0x0000026fdd198620, 0x0000026fdd198730]
Event: 139.169 Thread 0x0000026fe65a00b0 6631       1       jdk.internal.reflect.ClassFileAssembler::emitConstantPoolMethodref (28 bytes)
Event: 139.170 Thread 0x0000026fe65a00b0 nmethod 6631 0x0000026fdd197c10 code [0x0000026fdd197e00, 0x0000026fdd198190]
Event: 139.170 Thread 0x0000026fe65a00b0 6634       1       jdk.internal.reflect.ClassFileAssembler::setStack (25 bytes)
Event: 139.171 Thread 0x0000026fe65a00b0 nmethod 6634 0x0000026fdd197910 code [0x0000026fdd197aa0, 0x0000026fdd197b80]
Event: 139.171 Thread 0x0000026fe65a00b0 6632       1       jdk.internal.reflect.AccessorGenerator::sub (5 bytes)
Event: 139.171 Thread 0x0000026fe65a00b0 nmethod 6632 0x0000026fdd197610 code [0x0000026fdd1977a0, 0x0000026fdd197858]
Event: 139.171 Thread 0x0000026fe65a00b0 6633       1       jdk.internal.reflect.ClassFileAssembler::incStack (11 bytes)
Event: 139.172 Thread 0x0000026fe65a00b0 nmethod 6633 0x0000026fdd197310 code [0x0000026fdd1974a0, 0x0000026fdd197580]
Event: 139.172 Thread 0x0000026fe65a00b0 6635       1       java.lang.ClassValue$Entry::version (8 bytes)
Event: 139.172 Thread 0x0000026fe65a00b0 nmethod 6635 0x0000026fdd196f90 code [0x0000026fdd197120, 0x0000026fdd197248]

GC Heap History (20 events):
Event: 19.183 GC heap before
{Heap before GC invocations=15 (full 0):
 garbage-first heap   total 67584K, used 52870K [0x0000000741a00000, 0x0000000800000000)
  region size 2048K, 19 young (38912K), 2 survivors (4096K)
 Metaspace       used 56564K, committed 57216K, reserved 1114112K
  class space    used 7058K, committed 7360K, reserved 1048576K
}
Event: 19.199 GC heap after
{Heap after GC invocations=16 (full 0):
 garbage-first heap   total 67584K, used 22014K [0x0000000741a00000, 0x0000000800000000)
  region size 2048K, 3 young (6144K), 3 survivors (6144K)
 Metaspace       used 56564K, committed 57216K, reserved 1114112K
  class space    used 7058K, committed 7360K, reserved 1048576K
}
Event: 20.087 GC heap before
{Heap before GC invocations=16 (full 0):
 garbage-first heap   total 67584K, used 52734K [0x0000000741a00000, 0x0000000800000000)
  region size 2048K, 18 young (36864K), 3 survivors (6144K)
 Metaspace       used 59314K, committed 59904K, reserved 1114112K
  class space    used 7433K, committed 7680K, reserved 1048576K
}
Event: 20.103 GC heap after
{Heap after GC invocations=17 (full 0):
 garbage-first heap   total 67584K, used 23541K [0x0000000741a00000, 0x0000000800000000)
  region size 2048K, 3 young (6144K), 3 survivors (6144K)
 Metaspace       used 59314K, committed 59904K, reserved 1114112K
  class space    used 7433K, committed 7680K, reserved 1048576K
}
Event: 20.243 GC heap before
{Heap before GC invocations=17 (full 0):
 garbage-first heap   total 67584K, used 25589K [0x0000000741a00000, 0x0000000800000000)
  region size 2048K, 5 young (10240K), 3 survivors (6144K)
 Metaspace       used 59741K, committed 60288K, reserved 1114112K
  class space    used 7488K, committed 7744K, reserved 1048576K
}
Event: 20.256 GC heap after
{Heap after GC invocations=18 (full 0):
 garbage-first heap   total 67584K, used 23068K [0x0000000741a00000, 0x0000000800000000)
  region size 2048K, 1 young (2048K), 1 survivors (2048K)
 Metaspace       used 59741K, committed 60288K, reserved 1114112K
  class space    used 7488K, committed 7744K, reserved 1048576K
}
Event: 21.548 GC heap before
{Heap before GC invocations=19 (full 0):
 garbage-first heap   total 67584K, used 57884K [0x0000000741a00000, 0x0000000800000000)
  region size 2048K, 18 young (36864K), 1 survivors (2048K)
 Metaspace       used 62992K, committed 63616K, reserved 1114112K
  class space    used 7907K, committed 8192K, reserved 1048576K
}
Event: 21.555 GC heap after
{Heap after GC invocations=20 (full 0):
 garbage-first heap   total 67584K, used 23705K [0x0000000741a00000, 0x0000000800000000)
  region size 2048K, 1 young (2048K), 1 survivors (2048K)
 Metaspace       used 62992K, committed 63616K, reserved 1114112K
  class space    used 7907K, committed 8192K, reserved 1048576K
}
Event: 22.841 GC heap before
{Heap before GC invocations=20 (full 0):
 garbage-first heap   total 67584K, used 56473K [0x0000000741a00000, 0x0000000800000000)
  region size 2048K, 18 young (36864K), 1 survivors (2048K)
 Metaspace       used 67363K, committed 67968K, reserved 1114112K
  class space    used 8642K, committed 8896K, reserved 1048576K
}
Event: 22.854 GC heap after
{Heap after GC invocations=21 (full 0):
 garbage-first heap   total 67584K, used 23976K [0x0000000741a00000, 0x0000000800000000)
  region size 2048K, 2 young (4096K), 2 survivors (4096K)
 Metaspace       used 67363K, committed 67968K, reserved 1114112K
  class space    used 8642K, committed 8896K, reserved 1048576K
}
Event: 24.174 GC heap before
{Heap before GC invocations=21 (full 0):
 garbage-first heap   total 67584K, used 52648K [0x0000000741a00000, 0x0000000800000000)
  region size 2048K, 17 young (34816K), 2 survivors (4096K)
 Metaspace       used 69749K, committed 70336K, reserved 1114112K
  class space    used 9017K, committed 9280K, reserved 1048576K
}
Event: 24.184 GC heap after
{Heap after GC invocations=22 (full 0):
 garbage-first heap   total 67584K, used 24352K [0x0000000741a00000, 0x0000000800000000)
  region size 2048K, 2 young (4096K), 2 survivors (4096K)
 Metaspace       used 69749K, committed 70336K, reserved 1114112K
  class space    used 9017K, committed 9280K, reserved 1048576K
}
Event: 25.612 GC heap before
{Heap before GC invocations=22 (full 0):
 garbage-first heap   total 67584K, used 55072K [0x0000000741a00000, 0x0000000800000000)
  region size 2048K, 17 young (34816K), 2 survivors (4096K)
 Metaspace       used 72643K, committed 73280K, reserved 1114112K
  class space    used 9409K, committed 9664K, reserved 1048576K
}
Event: 25.629 GC heap after
{Heap after GC invocations=23 (full 0):
 garbage-first heap   total 67584K, used 25705K [0x0000000741a00000, 0x0000000800000000)
  region size 2048K, 3 young (6144K), 3 survivors (6144K)
 Metaspace       used 72643K, committed 73280K, reserved 1114112K
  class space    used 9409K, committed 9664K, reserved 1048576K
}
Event: 26.685 GC heap before
{Heap before GC invocations=24 (full 0):
 garbage-first heap   total 67584K, used 52329K [0x0000000741a00000, 0x0000000800000000)
  region size 2048K, 16 young (32768K), 3 survivors (6144K)
 Metaspace       used 74874K, committed 75520K, reserved 1179648K
  class space    used 9762K, committed 10048K, reserved 1048576K
}
Event: 26.700 GC heap after
{Heap after GC invocations=25 (full 0):
 garbage-first heap   total 81920K, used 26926K [0x0000000741a00000, 0x0000000800000000)
  region size 2048K, 2 young (4096K), 2 survivors (4096K)
 Metaspace       used 74874K, committed 75520K, reserved 1179648K
  class space    used 9762K, committed 10048K, reserved 1048576K
}
Event: 28.810 GC heap before
{Heap before GC invocations=25 (full 0):
 garbage-first heap   total 81920K, used 71982K [0x0000000741a00000, 0x0000000800000000)
  region size 2048K, 24 young (49152K), 2 survivors (4096K)
 Metaspace       used 78079K, committed 78784K, reserved 1179648K
  class space    used 10211K, committed 10496K, reserved 1048576K
}
Event: 28.831 GC heap after
{Heap after GC invocations=26 (full 0):
 garbage-first heap   total 81920K, used 29441K [0x0000000741a00000, 0x0000000800000000)
  region size 2048K, 3 young (6144K), 3 survivors (6144K)
 Metaspace       used 78079K, committed 78784K, reserved 1179648K
  class space    used 10211K, committed 10496K, reserved 1048576K
}
Event: 51.970 GC heap before
{Heap before GC invocations=26 (full 0):
 garbage-first heap   total 81920K, used 68353K [0x0000000741a00000, 0x0000000800000000)
  region size 2048K, 23 young (47104K), 3 survivors (6144K)
 Metaspace       used 81543K, committed 82240K, reserved 1179648K
  class space    used 10715K, committed 11008K, reserved 1048576K
}
Event: 52.000 GC heap after
{Heap after GC invocations=27 (full 0):
 garbage-first heap   total 81920K, used 32729K [0x0000000741a00000, 0x0000000800000000)
  region size 2048K, 3 young (6144K), 3 survivors (6144K)
 Metaspace       used 81543K, committed 82240K, reserved 1179648K
  class space    used 10715K, committed 11008K, reserved 1048576K
}

Dll operation events (12 events):
Event: 0.033 Loaded shared library C:\Users\naman\Documents\Spring Boot tool suit\sts-4.25.0.RELEASE\plugins\org.eclipse.justj.openjdk.hotspot.jre.full.win32.x86_64_21.0.4.v20240802-1551\jre\bin\java.dll
Event: 0.062 Loaded shared library C:\Users\naman\Documents\Spring Boot tool suit\sts-4.25.0.RELEASE\plugins\org.eclipse.justj.openjdk.hotspot.jre.full.win32.x86_64_21.0.4.v20240802-1551\jre\bin\zip.dll
Event: 1.105 Loaded shared library C:\Users\naman\Documents\Spring Boot tool suit\sts-4.25.0.RELEASE\plugins\org.eclipse.justj.openjdk.hotspot.jre.full.win32.x86_64_21.0.4.v20240802-1551\jre\bin\instrument.dll
Event: 1.157 Loaded shared library C:\Users\naman\Documents\Spring Boot tool suit\sts-4.25.0.RELEASE\plugins\org.eclipse.justj.openjdk.hotspot.jre.full.win32.x86_64_21.0.4.v20240802-1551\jre\bin\net.dll
Event: 1.162 Loaded shared library C:\Users\naman\Documents\Spring Boot tool suit\sts-4.25.0.RELEASE\plugins\org.eclipse.justj.openjdk.hotspot.jre.full.win32.x86_64_21.0.4.v20240802-1551\jre\bin\nio.dll
Event: 1.200 Loaded shared library C:\Users\naman\Documents\Spring Boot tool suit\sts-4.25.0.RELEASE\plugins\org.eclipse.justj.openjdk.hotspot.jre.full.win32.x86_64_21.0.4.v20240802-1551\jre\bin\zip.dll
Event: 1.912 Loaded shared library C:\Users\naman\Documents\Spring Boot tool suit\sts-4.25.0.RELEASE\plugins\org.eclipse.justj.openjdk.hotspot.jre.full.win32.x86_64_21.0.4.v20240802-1551\jre\bin\jimage.dll
Event: 2.181 Loaded shared library C:\Users\naman\Documents\Spring Boot tool suit\sts-4.25.0.RELEASE\plugins\org.eclipse.justj.openjdk.hotspot.jre.full.win32.x86_64_21.0.4.v20240802-1551\jre\bin\management.dll
Event: 2.235 Loaded shared library C:\Users\naman\Documents\Spring Boot tool suit\sts-4.25.0.RELEASE\plugins\org.eclipse.justj.openjdk.hotspot.jre.full.win32.x86_64_21.0.4.v20240802-1551\jre\bin\management_ext.dll
Event: 3.215 Loaded shared library C:\Users\naman\Documents\Spring Boot tool suit\sts-4.25.0.RELEASE\plugins\org.eclipse.justj.openjdk.hotspot.jre.full.win32.x86_64_21.0.4.v20240802-1551\jre\bin\extnet.dll
Event: 3.350 Loaded shared library C:\Users\naman\Documents\Spring Boot tool suit\sts-4.25.0.RELEASE\plugins\org.eclipse.justj.openjdk.hotspot.jre.full.win32.x86_64_21.0.4.v20240802-1551\jre\bin\verify.dll
Event: 7.701 Loaded shared library C:\Users\naman\Documents\Spring Boot tool suit\sts-4.25.0.RELEASE\plugins\org.eclipse.justj.openjdk.hotspot.jre.full.win32.x86_64_21.0.4.v20240802-1551\jre\bin\sunmscapi.dll

Deoptimization events (20 events):
Event: 52.418 Thread 0x0000026febaf0210 DEOPT PACKING pc=0x0000026fdd2a23ec sp=0x000000d52fcfa8b0
Event: 52.418 Thread 0x0000026febaf0210 DEOPT UNPACKING pc=0x0000026fdce64e42 sp=0x000000d52fcf9d88 mode 1
Event: 52.467 Thread 0x0000026febaf0210 DEOPT PACKING pc=0x0000026fdd2e4959 sp=0x000000d52fcf90e0
Event: 52.467 Thread 0x0000026febaf0210 DEOPT UNPACKING pc=0x0000026fdce64e42 sp=0x000000d52fcf8538 mode 1
Event: 52.467 Thread 0x0000026febaf0210 DEOPT PACKING pc=0x0000026fdd2cf58c sp=0x000000d52fcf9170
Event: 52.467 Thread 0x0000026febaf0210 DEOPT UNPACKING pc=0x0000026fdce64e42 sp=0x000000d52fcf8618 mode 1
Event: 52.467 Thread 0x0000026febaf0210 DEOPT PACKING pc=0x0000026fdd2a20f4 sp=0x000000d52fcf9bf0
Event: 52.467 Thread 0x0000026febaf0210 DEOPT UNPACKING pc=0x0000026fdce64e42 sp=0x000000d52fcf90b8 mode 1
Event: 52.467 Thread 0x0000026febaf0210 DEOPT PACKING pc=0x0000026fdd2a23ec sp=0x000000d52fcf9c80
Event: 52.467 Thread 0x0000026febaf0210 DEOPT UNPACKING pc=0x0000026fdce64e42 sp=0x000000d52fcf9158 mode 1
Event: 52.468 Thread 0x0000026febaf0210 DEOPT PACKING pc=0x0000026fdd2e4959 sp=0x000000d52fcf90e0
Event: 52.468 Thread 0x0000026febaf0210 DEOPT UNPACKING pc=0x0000026fdce64e42 sp=0x000000d52fcf8538 mode 1
Event: 52.468 Thread 0x0000026febaf0210 DEOPT PACKING pc=0x0000026fdd2cf58c sp=0x000000d52fcf9170
Event: 52.468 Thread 0x0000026febaf0210 DEOPT UNPACKING pc=0x0000026fdce64e42 sp=0x000000d52fcf8618 mode 1
Event: 52.468 Thread 0x0000026febaf0210 DEOPT PACKING pc=0x0000026fdd2a20f4 sp=0x000000d52fcf9bf0
Event: 52.468 Thread 0x0000026febaf0210 DEOPT UNPACKING pc=0x0000026fdce64e42 sp=0x000000d52fcf90b8 mode 1
Event: 52.468 Thread 0x0000026febaf0210 DEOPT PACKING pc=0x0000026fdd2a23ec sp=0x000000d52fcf9c80
Event: 52.468 Thread 0x0000026febaf0210 DEOPT UNPACKING pc=0x0000026fdce64e42 sp=0x000000d52fcf9158 mode 1
Event: 138.688 Thread 0x0000026febaf0210 DEOPT PACKING pc=0x0000026fdcf83534 sp=0x000000d52fcfcd30
Event: 138.688 Thread 0x0000026febaf0210 DEOPT UNPACKING pc=0x0000026fdce64e42 sp=0x000000d52fcfc1d8 mode 0

Classes loaded (20 events):
Event: 47.679 Loading class sun/nio/ch/SocketAdaptor
Event: 47.681 Loading class sun/nio/ch/SocketAdaptor done
Event: 47.682 Loading class sun/nio/ch/SocketChannelImpl$DefaultOptionsHolder
Event: 47.682 Loading class sun/nio/ch/SocketChannelImpl$DefaultOptionsHolder done
Event: 47.685 Loading class sun/nio/ch/SelectionKeyImpl
Event: 47.686 Loading class java/nio/channels/spi/AbstractSelectionKey
Event: 47.686 Loading class java/nio/channels/SelectionKey
Event: 47.686 Loading class java/nio/channels/SelectionKey done
Event: 47.686 Loading class java/nio/channels/spi/AbstractSelectionKey done
Event: 47.687 Loading class sun/nio/ch/SelectionKeyImpl done
Event: 47.687 Loading class java/lang/invoke/ConstantBootstraps
Event: 47.688 Loading class java/lang/invoke/ConstantBootstraps done
Event: 47.833 Loading class sun/nio/cs/ThreadLocalCoders
Event: 47.833 Loading class sun/nio/cs/ThreadLocalCoders done
Event: 47.833 Loading class sun/nio/cs/ThreadLocalCoders$1
Event: 47.834 Loading class sun/nio/cs/ThreadLocalCoders$Cache
Event: 47.834 Loading class sun/nio/cs/ThreadLocalCoders$Cache done
Event: 47.834 Loading class sun/nio/cs/ThreadLocalCoders$1 done
Event: 47.834 Loading class sun/nio/cs/ThreadLocalCoders$2
Event: 47.834 Loading class sun/nio/cs/ThreadLocalCoders$2 done

Classes unloaded (20 events):
Event: 52.167 Thread 0x0000026fd70027b0 Unloading class 0x00000008001a4000 'java/lang/invoke/LambdaForm$MH+0x00000008001a4000'
Event: 52.167 Thread 0x0000026fd70027b0 Unloading class 0x0000000800194800 'jdk/internal/reflect/GeneratedSerializationConstructorAccessor8'
Event: 52.167 Thread 0x0000026fd70027b0 Unloading class 0x0000000800193c00 'java/lang/invoke/LambdaForm$MH+0x0000000800193c00'
Event: 52.167 Thread 0x0000026fd70027b0 Unloading class 0x0000000800192800 'java/lang/invoke/LambdaForm$MH+0x0000000800192800'
Event: 52.167 Thread 0x0000026fd70027b0 Unloading class 0x0000000800192400 'java/lang/invoke/LambdaForm$MH+0x0000000800192400'
Event: 52.167 Thread 0x0000026fd70027b0 Unloading class 0x000000080018d000 'jdk/internal/reflect/GeneratedSerializationConstructorAccessor7'
Event: 52.167 Thread 0x0000026fd70027b0 Unloading class 0x000000080018cc00 'jdk/internal/reflect/GeneratedSerializationConstructorAccessor6'
Event: 52.167 Thread 0x0000026fd70027b0 Unloading class 0x000000080018c800 'jdk/internal/reflect/GeneratedSerializationConstructorAccessor5'
Event: 52.167 Thread 0x0000026fd70027b0 Unloading class 0x000000080018c400 'jdk/internal/reflect/GeneratedSerializationConstructorAccessor4'
Event: 52.167 Thread 0x0000026fd70027b0 Unloading class 0x000000080014a400 'jdk/internal/reflect/GeneratedSerializationConstructorAccessor3'
Event: 52.167 Thread 0x0000026fd70027b0 Unloading class 0x000000080014a000 'jdk/internal/reflect/GeneratedSerializationConstructorAccessor2'
Event: 52.167 Thread 0x0000026fd70027b0 Unloading class 0x0000000800149c00 'jdk/internal/reflect/GeneratedSerializationConstructorAccessor1'
Event: 52.167 Thread 0x0000026fd70027b0 Unloading class 0x0000000800148c00 'java/lang/invoke/LambdaForm$DMH+0x0000000800148c00'
Event: 52.167 Thread 0x0000026fd70027b0 Unloading class 0x0000000800148400 'java/lang/invoke/LambdaForm$DMH+0x0000000800148400'
Event: 52.167 Thread 0x0000026fd70027b0 Unloading class 0x0000000800147800 'java/lang/invoke/LambdaForm$DMH+0x0000000800147800'
Event: 52.167 Thread 0x0000026fd70027b0 Unloading class 0x0000000800147400 'java/lang/invoke/LambdaForm$DMH+0x0000000800147400'
Event: 52.167 Thread 0x0000026fd70027b0 Unloading class 0x00000008000c4000 'java/lang/invoke/LambdaForm$MH+0x00000008000c4000'
Event: 52.167 Thread 0x0000026fd70027b0 Unloading class 0x00000008000c3c00 'java/lang/invoke/LambdaForm$MH+0x00000008000c3c00'
Event: 52.167 Thread 0x0000026fd70027b0 Unloading class 0x00000008000c3800 'java/lang/invoke/LambdaForm$MH+0x00000008000c3800'
Event: 52.167 Thread 0x0000026fd70027b0 Unloading class 0x00000008000c3400 'java/lang/invoke/LambdaForm$MH+0x00000008000c3400'

Classes redefined (1 events):
Event: 138.774 Thread 0x0000026fd70027b0 redefined class name=com.example.naman.services.UserService, count=1

Internal exceptions (20 events):
Event: 25.063 Thread 0x0000026fd702d2f0 Exception <a 'java/lang/NoSuchMethodError'{0x00000007447223c8}: 'java.lang.Object java.lang.invoke.DirectMethodHandle$Holder.invokeSpecial(java.lang.Object, java.lang.Object, int, java.lang.Object, int)'> (0x00000007447223c8) 
thrown [s\src\hotspot\share\interpreter\linkResolver.cpp, line 773]
Event: 25.299 Thread 0x0000026fd702d2f0 Exception <a 'java/lang/NoSuchMethodError'{0x00000007444b11e8}: 'void java.lang.invoke.Invokers$Holder.invokeExact_MT(java.lang.Object, java.lang.Object, java.lang.Object, java.lang.Object)'> (0x00000007444b11e8) 
thrown [s\src\hotspot\share\interpreter\linkResolver.cpp, line 773]
Event: 25.548 Thread 0x0000026fd702d2f0 Exception <a 'java/lang/IncompatibleClassChangeError'{0x0000000743e61bb8}: Found class java.lang.Object, but interface was expected> (0x0000000743e61bb8) 
thrown [s\src\hotspot\share\interpreter\linkResolver.cpp, line 840]
Event: 25.590 Thread 0x0000026fd702d2f0 Exception <a 'java/lang/IncompatibleClassChangeError'{0x0000000743f01508}: Found class java.lang.Object, but interface was expected> (0x0000000743f01508) 
thrown [s\src\hotspot\share\interpreter\linkResolver.cpp, line 840]
Event: 25.766 Thread 0x0000026fd702d2f0 Exception <a 'java/lang/IncompatibleClassChangeError'{0x00000007458d6a38}: Found class java.lang.Object, but interface was expected> (0x00000007458d6a38) 
thrown [s\src\hotspot\share\interpreter\linkResolver.cpp, line 840]
Event: 26.319 Thread 0x0000026fd702d2f0 Exception <a 'java/lang/IncompatibleClassChangeError'{0x0000000744bdbe60}: Found class java.lang.Object, but interface was expected> (0x0000000744bdbe60) 
thrown [s\src\hotspot\share\interpreter\linkResolver.cpp, line 840]
Event: 26.674 Thread 0x0000026fd702d2f0 Exception <a 'java/lang/IncompatibleClassChangeError'{0x000000074439ccb8}: Found class java.lang.Object, but interface was expected> (0x000000074439ccb8) 
thrown [s\src\hotspot\share\interpreter\linkResolver.cpp, line 840]
Event: 26.896 Thread 0x0000026fd702d2f0 Exception <a 'java/lang/NoSuchMethodError'{0x0000000746535818}: 'java.lang.Object java.lang.invoke.DirectMethodHandle$Holder.invokeStatic(java.lang.Object, int, java.lang.Object)'> (0x0000000746535818) 
thrown [s\src\hotspot\share\interpreter\linkResolver.cpp, line 773]
Event: 27.592 Thread 0x0000026fd702d2f0 Exception <a 'java/lang/NoSuchMethodError'{0x0000000745adf8b8}: 'java.lang.Object java.lang.invoke.DirectMethodHandle$Holder.newInvokeSpecial(java.lang.Object, java.lang.Object, java.lang.Object, java.lang.Object, java.lang.Object, java.lang.Object, java.lang.Object, java.lang.Object)'> (0x0000000745adf8b8) 
thrown [s\src\hotspot\share\interpreter\linkResolver.cpp, line 773]
Event: 28.387 Thread 0x0000026fd702d2f0 Exception <a 'java/lang/IncompatibleClassChangeError'{0x00000007448d7328}: Found class java.lang.Object, but interface was expected> (0x00000007448d7328) 
thrown [s\src\hotspot\share\interpreter\linkResolver.cpp, line 840]
Event: 28.545 Thread 0x0000026fd702d2f0 Exception <a 'java/lang/NoSuchMethodError'{0x00000007447e7b60}: 'void java.lang.invoke.DirectMethodHandle$Holder.invokeVirtual(java.lang.Object, java.lang.Object, long)'> (0x00000007447e7b60) 
thrown [s\src\hotspot\share\interpreter\linkResolver.cpp, line 773]
Event: 28.807 Thread 0x0000026fd702d2f0 Exception <a 'java/lang/NoSuchMethodError'{0x0000000743bf7508}: 'int java.lang.invoke.DirectMethodHandle$Holder.invokeStaticInit(java.lang.Object, java.lang.Object, java.lang.Object, java.lang.Object)'> (0x0000000743bf7508) 
thrown [s\src\hotspot\share\interpreter\linkResolver.cpp, line 773]
Event: 28.987 Thread 0x0000026fd702d2f0 Exception <a 'java/lang/IncompatibleClassChangeError'{0x00000007466e7dd8}: Found class java.lang.Object, but interface was expected> (0x00000007466e7dd8) 
thrown [s\src\hotspot\share\interpreter\linkResolver.cpp, line 840]
Event: 29.397 Thread 0x0000026fd702d2f0 Exception <a 'java/lang/NoSuchMethodError'{0x0000000745f76d30}: 'java.lang.Object java.lang.invoke.DirectMethodHandle$Holder.newInvokeSpecial(java.lang.Object, java.lang.Object, int, java.lang.Object, java.lang.Object)'> (0x0000000745f76d30) 
thrown [s\src\hotspot\share\interpreter\linkResolver.cpp, line 773]
Event: 47.821 Thread 0x0000026febaee140 Exception <a 'java/lang/NoSuchMethodError'{0x0000000745722d80}: 'java.lang.Object java.lang.invoke.DirectMethodHandle$Holder.invokeSpecial(java.lang.Object, java.lang.Object, java.lang.Object, java.lang.Object, java.lang.Object, long)'> (0x0000000745722d80) 
thrown [s\src\hotspot\share\interpreter\linkResolver.cpp, line 773]
Event: 47.821 Thread 0x0000026febaee140 Exception <a 'java/lang/NoSuchMethodError'{0x0000000745726550}: 'java.lang.Object java.lang.invoke.Invokers$Holder.linkToTargetMethod(java.lang.Object, java.lang.Object, java.lang.Object, long, java.lang.Object)'> (0x0000000745726550) 
thrown [s\src\hotspot\share\interpreter\linkResolver.cpp, line 773]
Event: 51.881 Thread 0x0000026febaf0210 Exception <a 'java/lang/NoSuchMethodError'{0x0000000744422e38}: 'java.lang.Object java.lang.invoke.DirectMethodHandle$Holder.invokeInterface(java.lang.Object, java.lang.Object, java.lang.Object, java.lang.Object)'> (0x0000000744422e38) 
thrown [s\src\hotspot\share\interpreter\linkResolver.cpp, line 773]
Event: 51.940 Thread 0x0000026febaf0210 Exception <a 'java/lang/IncompatibleClassChangeError'{0x0000000744559f78}: Found class java.lang.Object, but interface was expected> (0x0000000744559f78) 
thrown [s\src\hotspot\share\interpreter\linkResolver.cpp, line 840]
Event: 52.472 Thread 0x0000026febaf0210 Exception <a 'java/lang/NoSuchMethodError'{0x0000000746016530}: 'void java.lang.invoke.DirectMethodHandle$Holder.invokeSpecialIFC(java.lang.Object, java.lang.Object, int, java.lang.Object, java.lang.Object, java.lang.Object, java.lang.Object)'> (0x0000000746016530) 
thrown [s\src\hotspot\share\interpreter\linkResolver.cpp, line 773]
Event: 52.603 Thread 0x0000026febaf0210 Exception <a 'java/lang/IncompatibleClassChangeError'{0x000000074616d5c8}: Found class java.lang.Object, but interface was expected> (0x000000074616d5c8) 
thrown [s\src\hotspot\share\interpreter\linkResolver.cpp, line 840]

ZGC Phase Switch (0 events):
No events

VM Operations (20 events):
Event: 138.687 Executing VM operation: ChangeSingleStep
Event: 138.687 Executing VM operation: ChangeSingleStep done
Event: 138.688 Executing VM operation: ChangeSingleStep
Event: 138.688 Executing VM operation: ChangeSingleStep done
Event: 138.742 Executing VM operation: RedefineClasses
Event: 138.836 Executing VM operation: RedefineClasses done
Event: 138.909 Executing VM operation: ChangeBreakpoints
Event: 138.918 Executing VM operation: ChangeBreakpoints done
Event: 139.000 Executing VM operation: ChangeBreakpoints
Event: 139.006 Executing VM operation: ChangeBreakpoints done
Event: 139.082 Executing VM operation: ChangeBreakpoints
Event: 139.147 Executing VM operation: ChangeBreakpoints done
Event: 139.229 Executing VM operation: ChangeBreakpoints
Event: 139.238 Executing VM operation: ChangeBreakpoints done
Event: 139.238 Executing VM operation: ChangeBreakpoints
Event: 139.246 Executing VM operation: ChangeBreakpoints done
Event: 139.303 Executing VM operation: ChangeBreakpoints
Event: 139.309 Executing VM operation: ChangeBreakpoints done
Event: 139.317 Executing VM operation: ChangeSingleStep
Event: 139.317 Executing VM operation: ChangeSingleStep done

Memory protections (0 events):
No events

Nmethod flushes (20 events):
Event: 25.740 Thread 0x0000026fd70027b0 flushing  nmethod 0x0000026fdd34b990
Event: 25.740 Thread 0x0000026fd70027b0 flushing  nmethod 0x0000026fdd36e790
Event: 25.740 Thread 0x0000026fd70027b0 flushing  nmethod 0x0000026fdd371c90
Event: 25.740 Thread 0x0000026fd70027b0 flushing  nmethod 0x0000026fdd4fa390
Event: 25.740 Thread 0x0000026fd70027b0 flushing  nmethod 0x0000026fdd6b3690
Event: 52.187 Thread 0x0000026fd70027b0 flushing  nmethod 0x0000026fdd8b8390
Event: 52.187 Thread 0x0000026fd70027b0 flushing  nmethod 0x0000026fdd65b490
Event: 52.187 Thread 0x0000026fd70027b0 flushing  nmethod 0x0000026fdd8f2c90
Event: 52.187 Thread 0x0000026fd70027b0 flushing  nmethod 0x0000026fdcf9b890
Event: 52.187 Thread 0x0000026fd70027b0 flushing  nmethod 0x0000026fdd8c8e10
Event: 52.187 Thread 0x0000026fd70027b0 flushing  nmethod 0x0000026fdd8c9690
Event: 52.187 Thread 0x0000026fd70027b0 flushing  nmethod 0x0000026fdd0bb890
Event: 52.187 Thread 0x0000026fd70027b0 flushing  nmethod 0x0000026fdd059110
Event: 52.187 Thread 0x0000026fd70027b0 flushing  nmethod 0x0000026fdd7a8610
Event: 52.187 Thread 0x0000026fd70027b0 flushing  nmethod 0x0000026fdd7a8910
Event: 52.187 Thread 0x0000026fd70027b0 flushing  nmethod 0x0000026fdd4f2810
Event: 52.187 Thread 0x0000026fd70027b0 flushing  nmethod 0x0000026fdd697610
Event: 52.187 Thread 0x0000026fd70027b0 flushing  nmethod 0x0000026fdd697a10
Event: 52.187 Thread 0x0000026fd70027b0 flushing  nmethod 0x0000026fdd6d5710
Event: 52.187 Thread 0x0000026fd70027b0 flushing  nmethod 0x0000026fdd911110

Events (20 events):
Event: 21.989 Thread 0x0000026feb51d360 Thread exited: 0x0000026feb51d360
Event: 21.989 Thread 0x0000026fe6740c60 Thread exited: 0x0000026fe6740c60
Event: 23.427 Thread 0x0000026fe65a00b0 Thread added: 0x0000026fed94d060
Event: 25.270 Thread 0x0000026febaf0210 Thread exited: 0x0000026febaf0210
Event: 29.427 Thread 0x0000026fd702d2f0 Thread added: 0x0000026febaee140
Event: 29.427 Thread 0x0000026fd702d2f0 Thread added: 0x0000026febaf0210
Event: 29.428 Thread 0x0000026fd702d2f0 Thread added: 0x0000026febaefb80
Event: 29.428 Thread 0x0000026fd702d2f0 Thread added: 0x0000026fedcf74f0
Event: 29.429 Thread 0x0000026fd702d2f0 Thread added: 0x0000026fedcf7b80
Event: 29.429 Thread 0x0000026fd702d2f0 Thread added: 0x0000026fedcf8210
Event: 29.430 Thread 0x0000026fd702d2f0 Thread added: 0x0000026fedcf88a0
Event: 29.430 Thread 0x0000026fd702d2f0 Thread added: 0x0000026fedcf6e60
Event: 29.431 Thread 0x0000026fd702d2f0 Thread added: 0x0000026fedcf8f30
Event: 29.431 Thread 0x0000026fd702d2f0 Thread added: 0x0000026fedcf95c0
Event: 29.473 Thread 0x0000026fd702d2f0 Thread added: 0x0000026fedcf9c50
Event: 29.480 Thread 0x0000026fd702d2f0 Thread added: 0x0000026fedcfa2e0
Event: 29.546 Thread 0x0000026fd702d2f0 Thread exited: 0x0000026fd702d2f0
Event: 29.546 Thread 0x0000026fede22310 Thread added: 0x0000026fede22310
Event: 33.964 Thread 0x0000026fed94d060 Thread exited: 0x0000026fed94d060
Event: 93.682 Thread 0x0000026feb63f4b0 Thread exited: 0x0000026feb63f4b0


Dynamic libraries:
0x00007ff72ba60000 - 0x00007ff72ba6e000 	C:\Users\naman\Documents\Spring Boot tool suit\sts-4.25.0.RELEASE\plugins\org.eclipse.justj.openjdk.hotspot.jre.full.win32.x86_64_21.0.4.v20240802-1551\jre\bin\javaw.exe
0x00007ff9e6810000 - 0x00007ff9e6a08000 	C:\WINDOWS\SYSTEM32\ntdll.dll
0x00007ff9e66a0000 - 0x00007ff9e6762000 	C:\WINDOWS\System32\KERNEL32.DLL
0x00007ff9e4220000 - 0x00007ff9e451e000 	C:\WINDOWS\System32\KERNELBASE.dll
0x00007ff9e40a0000 - 0x00007ff9e41a0000 	C:\WINDOWS\System32\ucrtbase.dll
0x00007ff9db960000 - 0x00007ff9db978000 	C:\Users\naman\Documents\Spring Boot tool suit\sts-4.25.0.RELEASE\plugins\org.eclipse.justj.openjdk.hotspot.jre.full.win32.x86_64_21.0.4.v20240802-1551\jre\bin\jli.dll
0x00007ff9d6310000 - 0x00007ff9d632b000 	C:\Users\naman\Documents\Spring Boot tool suit\sts-4.25.0.RELEASE\plugins\org.eclipse.justj.openjdk.hotspot.jre.full.win32.x86_64_21.0.4.v20240802-1551\jre\bin\VCRUNTIME140.dll
0x00007ff9e5e90000 - 0x00007ff9e602d000 	C:\WINDOWS\System32\USER32.dll
0x00007ff9e3eb0000 - 0x00007ff9e3ed2000 	C:\WINDOWS\System32\win32u.dll
0x00007ff9daa50000 - 0x00007ff9dacea000 	C:\WINDOWS\WinSxS\amd64_microsoft.windows.common-controls_6595b64144ccf1df_6.0.19041.4355_none_60b8b9eb71f62e16\COMCTL32.dll
0x00007ff9e49b0000 - 0x00007ff9e49db000 	C:\WINDOWS\System32\GDI32.dll
0x00007ff9e6060000 - 0x00007ff9e60fe000 	C:\WINDOWS\System32\msvcrt.dll
0x00007ff9e3ee0000 - 0x00007ff9e3ff7000 	C:\WINDOWS\System32\gdi32full.dll
0x00007ff9e4000000 - 0x00007ff9e409d000 	C:\WINDOWS\System32\msvcp_win.dll
0x00007ff9e6030000 - 0x00007ff9e605f000 	C:\WINDOWS\System32\IMM32.DLL
0x00007ff9d62b0000 - 0x00007ff9d62bc000 	C:\Users\naman\Documents\Spring Boot tool suit\sts-4.25.0.RELEASE\plugins\org.eclipse.justj.openjdk.hotspot.jre.full.win32.x86_64_21.0.4.v20240802-1551\jre\bin\vcruntime140_1.dll
0x00007ff9b48a0000 - 0x00007ff9b492e000 	C:\Users\naman\Documents\Spring Boot tool suit\sts-4.25.0.RELEASE\plugins\org.eclipse.justj.openjdk.hotspot.jre.full.win32.x86_64_21.0.4.v20240802-1551\jre\bin\msvcp140.dll
0x00007ff9b8c70000 - 0x00007ff9b99f8000 	C:\Users\naman\Documents\Spring Boot tool suit\sts-4.25.0.RELEASE\plugins\org.eclipse.justj.openjdk.hotspot.jre.full.win32.x86_64_21.0.4.v20240802-1551\jre\bin\server\jvm.dll
0x00007ff9e4c10000 - 0x00007ff9e4cc2000 	C:\WINDOWS\System32\ADVAPI32.dll
0x00007ff9e4b10000 - 0x00007ff9e4bb0000 	C:\WINDOWS\System32\sechost.dll
0x00007ff9e49e0000 - 0x00007ff9e4b03000 	C:\WINDOWS\System32\RPCRT4.dll
0x00007ff9e41a0000 - 0x00007ff9e41c7000 	C:\WINDOWS\System32\bcrypt.dll
0x00007ff9e5dc0000 - 0x00007ff9e5e2b000 	C:\WINDOWS\System32\WS2_32.dll
0x00007ff9e3d10000 - 0x00007ff9e3d5b000 	C:\WINDOWS\SYSTEM32\POWRPROF.dll
0x00007ff9dc1d0000 - 0x00007ff9dc1f7000 	C:\WINDOWS\SYSTEM32\WINMM.dll
0x00007ff9dc200000 - 0x00007ff9dc20a000 	C:\WINDOWS\SYSTEM32\VERSION.dll
0x00007ff9e3cf0000 - 0x00007ff9e3d02000 	C:\WINDOWS\SYSTEM32\UMPDC.dll
0x00007ff9e1d10000 - 0x00007ff9e1d22000 	C:\WINDOWS\SYSTEM32\kernel.appcore.dll
0x00007ff9e00f0000 - 0x00007ff9e00fa000 	C:\Users\naman\Documents\Spring Boot tool suit\sts-4.25.0.RELEASE\plugins\org.eclipse.justj.openjdk.hotspot.jre.full.win32.x86_64_21.0.4.v20240802-1551\jre\bin\jimage.dll
0x00007ff9dc5f0000 - 0x00007ff9dc7d4000 	C:\WINDOWS\SYSTEM32\DBGHELP.DLL
0x00007ff9dc2b0000 - 0x00007ff9dc2e4000 	C:\WINDOWS\SYSTEM32\dbgcore.DLL
0x00007ff9e46f0000 - 0x00007ff9e4772000 	C:\WINDOWS\System32\bcryptPrimitives.dll
0x00007ff9da9e0000 - 0x00007ff9daa1c000 	C:\Users\naman\Documents\Spring Boot tool suit\sts-4.25.0.RELEASE\plugins\org.eclipse.justj.openjdk.hotspot.jre.full.win32.x86_64_21.0.4.v20240802-1551\jre\bin\jdwp.dll
0x00007ff9e00d0000 - 0x00007ff9e00df000 	C:\Users\naman\Documents\Spring Boot tool suit\sts-4.25.0.RELEASE\plugins\org.eclipse.justj.openjdk.hotspot.jre.full.win32.x86_64_21.0.4.v20240802-1551\jre\bin\instrument.dll
0x00007ff9db370000 - 0x00007ff9db38f000 	C:\Users\naman\Documents\Spring Boot tool suit\sts-4.25.0.RELEASE\plugins\org.eclipse.justj.openjdk.hotspot.jre.full.win32.x86_64_21.0.4.v20240802-1551\jre\bin\java.dll
0x00007ff9dad00000 - 0x00007ff9dad18000 	C:\Users\naman\Documents\Spring Boot tool suit\sts-4.25.0.RELEASE\plugins\org.eclipse.justj.openjdk.hotspot.jre.full.win32.x86_64_21.0.4.v20240802-1551\jre\bin\zip.dll
0x00007ff9e51e0000 - 0x00007ff9e594f000 	C:\WINDOWS\System32\SHELL32.dll
0x00007ff9e1f10000 - 0x00007ff9e26b4000 	C:\WINDOWS\SYSTEM32\windows.storage.dll
0x00007ff9e4cd0000 - 0x00007ff9e5023000 	C:\WINDOWS\System32\combase.dll
0x00007ff9e3810000 - 0x00007ff9e383e000 	C:\WINDOWS\SYSTEM32\Wldp.dll
0x00007ff9e4830000 - 0x00007ff9e48fd000 	C:\WINDOWS\System32\OLEAUT32.dll
0x00007ff9e6100000 - 0x00007ff9e61ad000 	C:\WINDOWS\System32\SHCORE.dll
0x00007ff9e5e30000 - 0x00007ff9e5e85000 	C:\WINDOWS\System32\shlwapi.dll
0x00007ff9e3de0000 - 0x00007ff9e3e04000 	C:\WINDOWS\SYSTEM32\profapi.dll
0x00007ff9dffe0000 - 0x00007ff9dffeb000 	C:\Users\naman\Documents\Spring Boot tool suit\sts-4.25.0.RELEASE\plugins\org.eclipse.justj.openjdk.hotspot.jre.full.win32.x86_64_21.0.4.v20240802-1551\jre\bin\dt_socket.dll
0x00007ff9e3250000 - 0x00007ff9e328b000 	C:\WINDOWS\SYSTEM32\IPHLPAPI.DLL
0x00007ff9e3570000 - 0x00007ff9e35da000 	C:\WINDOWS\system32\mswsock.dll
0x00007ff9e3290000 - 0x00007ff9e335a000 	C:\WINDOWS\SYSTEM32\DNSAPI.dll
0x00007ff9e4920000 - 0x00007ff9e4928000 	C:\WINDOWS\System32\NSI.dll
0x00007ff9d55e0000 - 0x00007ff9d55ea000 	C:\Windows\System32\rasadhlp.dll
0x00007ff9d46b0000 - 0x00007ff9d4730000 	C:\WINDOWS\System32\fwpuclnt.dll
0x00007ff9decc0000 - 0x00007ff9decd0000 	C:\Users\naman\Documents\Spring Boot tool suit\sts-4.25.0.RELEASE\plugins\org.eclipse.justj.openjdk.hotspot.jre.full.win32.x86_64_21.0.4.v20240802-1551\jre\bin\net.dll
0x00007ff9daf60000 - 0x00007ff9db06d000 	C:\WINDOWS\SYSTEM32\WINHTTP.dll
0x00007ff9d9700000 - 0x00007ff9d9716000 	C:\Users\naman\Documents\Spring Boot tool suit\sts-4.25.0.RELEASE\plugins\org.eclipse.justj.openjdk.hotspot.jre.full.win32.x86_64_21.0.4.v20240802-1551\jre\bin\nio.dll
0x00007ff9d62a0000 - 0x00007ff9d62aa000 	C:\Users\naman\Documents\Spring Boot tool suit\sts-4.25.0.RELEASE\plugins\org.eclipse.justj.openjdk.hotspot.jre.full.win32.x86_64_21.0.4.v20240802-1551\jre\bin\management.dll
0x00007ff9d6290000 - 0x00007ff9d629b000 	C:\Users\naman\Documents\Spring Boot tool suit\sts-4.25.0.RELEASE\plugins\org.eclipse.justj.openjdk.hotspot.jre.full.win32.x86_64_21.0.4.v20240802-1551\jre\bin\management_ext.dll
0x00007ff9e4900000 - 0x00007ff9e4908000 	C:\WINDOWS\System32\PSAPI.DLL
0x00007ff9cec30000 - 0x00007ff9cec47000 	C:\WINDOWS\system32\napinsp.dll
0x00007ff9cec10000 - 0x00007ff9cec2b000 	C:\WINDOWS\system32\pnrpnsp.dll
0x00007ff9e0540000 - 0x00007ff9e055d000 	C:\WINDOWS\system32\NLAapi.dll
0x00007ff9cebf0000 - 0x00007ff9cec02000 	C:\WINDOWS\System32\winrnr.dll
0x00007ff9cebd0000 - 0x00007ff9cebe5000 	C:\WINDOWS\system32\wshbth.dll
0x00007ff9e3760000 - 0x00007ff9e3778000 	C:\WINDOWS\SYSTEM32\CRYPTSP.dll
0x00007ff9e2e90000 - 0x00007ff9e2ec4000 	C:\WINDOWS\system32\rsaenh.dll
0x00007ff9e3d60000 - 0x00007ff9e3d8e000 	C:\WINDOWS\SYSTEM32\USERENV.dll
0x00007ff9e3780000 - 0x00007ff9e378c000 	C:\WINDOWS\SYSTEM32\CRYPTBASE.dll
0x00007ff9d5510000 - 0x00007ff9d5519000 	C:\Users\naman\Documents\Spring Boot tool suit\sts-4.25.0.RELEASE\plugins\org.eclipse.justj.openjdk.hotspot.jre.full.win32.x86_64_21.0.4.v20240802-1551\jre\bin\extnet.dll
0x00007ff9dc1c0000 - 0x00007ff9dc1d0000 	C:\Users\naman\Documents\Spring Boot tool suit\sts-4.25.0.RELEASE\plugins\org.eclipse.justj.openjdk.hotspot.jre.full.win32.x86_64_21.0.4.v20240802-1551\jre\bin\verify.dll
0x00007ff9d6330000 - 0x00007ff9d633e000 	C:\Users\naman\Documents\Spring Boot tool suit\sts-4.25.0.RELEASE\plugins\org.eclipse.justj.openjdk.hotspot.jre.full.win32.x86_64_21.0.4.v20240802-1551\jre\bin\sunmscapi.dll
0x00007ff9e4590000 - 0x00007ff9e46ec000 	C:\WINDOWS\System32\CRYPT32.dll
0x00007ff9e3880000 - 0x00007ff9e38a7000 	C:\WINDOWS\SYSTEM32\ncrypt.dll
0x00007ff9e3840000 - 0x00007ff9e387b000 	C:\WINDOWS\SYSTEM32\NTASN1.dll
0x00007ff9d6050000 - 0x00007ff9d6057000 	C:\WINDOWS\system32\wshunix.dll

dbghelp: loaded successfully - version: 4.0.5 - missing functions: none
symbol engine: initialized successfully - sym options: 0x614 - pdb path: .;C:\Users\naman\Documents\Spring Boot tool suit\sts-4.25.0.RELEASE\plugins\org.eclipse.justj.openjdk.hotspot.jre.full.win32.x86_64_21.0.4.v20240802-1551\jre\bin;C:\WINDOWS\SYSTEM32;C:\WINDOWS\WinSxS\amd64_microsoft.windows.common-controls_6595b64144ccf1df_6.0.19041.4355_none_60b8b9eb71f62e16;C:\Users\naman\Documents\Spring Boot tool suit\sts-4.25.0.RELEASE\plugins\org.eclipse.justj.openjdk.hotspot.jre.full.win32.x86_64_21.0.4.v20240802-1551\jre\bin\server

VM Arguments:
jvm_args: -XX:+ShowCodeDetailsInExceptionMessages -agentlib:jdwp=transport=dt_socket,suspend=y,address=localhost:55317 -Dcom.sun.management.jmxremote -Dcom.sun.management.jmxremote.port=55309 -Dcom.sun.management.jmxremote.authenticate=false -Dcom.sun.management.jmxremote.ssl=false -Djava.rmi.server.hostname=localhost -Dspring.jmx.enabled=true -Dmanagement.endpoints.jmx.exposure.include=* -Dspring.application.admin.enabled=true -XX:TieredStopAtLevel=1 -Dspring.boot.project.name=National_Zoo -javaagent:C:\Users\naman\Documents\Spring Boot tool suit\sts-4.25.0.RELEASE\configuration\org.eclipse.osgi\270\0\.cp\lib\javaagent-shaded.jar -Dfile.encoding=UTF-8 -Dstdout.encoding=UTF-8 -Dstderr.encoding=UTF-8 
java_command: com.example.naman.NationalZooApplication --spring.output.ansi.enabled=always
java_class_path (initial): C:\Users\naman\Documents\workspace-spring-tool-suite-4-4.25.0.RELEASE\National_Zoo\target\classes;C:\Users\naman\.m2\repository\org\springframework\boot\spring-boot-starter-data-jpa\3.3.4\spring-boot-starter-data-jpa-3.3.4.jar;C:\Users\naman\.m2\repository\org\springframework\boot\spring-boot-starter-aop\3.3.4\spring-boot-starter-aop-3.3.4.jar;C:\Users\naman\.m2\repository\org\springframework\spring-aop\6.1.13\spring-aop-6.1.13.jar;C:\Users\naman\.m2\repository\org\aspectj\aspectjweaver\1.9.22.1\aspectjweaver-1.9.22.1.jar;C:\Users\naman\.m2\repository\org\springframework\boot\spring-boot-starter-jdbc\3.3.4\spring-boot-starter-jdbc-3.3.4.jar;C:\Users\naman\.m2\repository\com\zaxxer\HikariCP\5.1.0\HikariCP-5.1.0.jar;C:\Users\naman\.m2\repository\org\springframework\spring-jdbc\6.1.13\spring-jdbc-6.1.13.jar;C:\Users\naman\.m2\repository\org\hibernate\orm\hibernate-core\6.5.3.Final\hibernate-core-6.5.3.Final.jar;C:\Users\naman\.m2\repository\jakarta\persistence\jakarta.persistence-api\3.1.0\jakarta.persistence-api-3.1.0.jar;C:\Users\naman\.m2\repository\jakarta\transaction\jakarta.transaction-api\2.0.1\jakarta.transaction-api-2.0.1.jar;C:\Users\naman\.m2\repository\org\jboss\logging\jboss-logging\3.5.3.Final\jboss-logging-3.5.3.Final.jar;C:\Users\naman\.m2\repository\org\hibernate\common\hibernate-commons-annotations\6.0.6.Final\hibernate-commons-annotations-6.0.6.Final.jar;C:\Users\naman\.m2\repository\io\smallrye\jandex\3.1.2\jandex-3.1.2.jar;C:\Users\naman\.m2\repository\com\fasterxml\classmate\1.7.0\classmate-1.7.0.jar;C:\Users\naman\.m2\repository\net\bytebuddy\byte-buddy\1.14.19\byte-buddy-1.14.19.jar;C:\Users\naman\.m2\repository\org\glassfish\jaxb\jaxb-runtime\4.0.5\jaxb-runtime-4.0.5.jar;C:\Users\naman\.m2\repository\org\glassfish\jaxb\jaxb-core\4.0.5\jaxb-core-4.0.5.jar;C:\Users\naman\.m2\repository\org\eclipse\angus\angus-activation\2.0.2\angus-activation-2.0.2.jar;C:\Users\naman\.m2\repository\org\glassfish\jaxb\txw2\4.0.5\txw2-4.0.5.jar;C:\Users\naman\.m2\repository\com\sun\istack\istack-commons-runtime\4.1.2\istack-commons-runtime-4.1.2.jar;C:\Users\naman\.m2\repository\jakarta\inject\jakarta.inject-api\2.0.1\jakarta.inject-api-2.0.1.jar;C:\Users\naman\.m2\repository\org\antlr\antlr4-runtime\4.13.0\antlr4-runtime-4.13.0.jar;C:\Users\naman\.m2\repository\org\springframework\data\spring-data-jpa\3.3.4\spring-data-jpa-3.3.4.jar;C:\Users\naman\.m2\repository\org\springframework\data\spring-data-commons\3.3.4\spring-data-commons-3.3.4.jar;C:\Users\naman\.m2\repository\org\springframework\spring-orm\6.1.13\spring-orm-6.1.13.jar;C:\Users\naman\.m2\repository\org\springframework\spring-context\6.1.13\spring-context-6.1.13.jar;C:\Users\naman\.m2\repository\org\springframework\spring-tx\6.1.13\spring-tx-6.1.13.jar;C:\Users\naman\.m2\repository\org\springframework\spring-beans\6.1.13\spring-beans-6.1.13.jar;C:\Users\naman\.m2\repository\jakarta\annotation\jakarta.annotation-api\2.1.1\jakarta.annotation-api-2.1.1.jar;C:\Users\naman\.m2\repository\org\slf4j\slf4j-api\2.0.16\slf4j-api-2.0.16.jar;C:\Users\naman\.m2\repository\org\springframework\spring-aspects\6.1.13\spring-aspects-6.1.13.jar;C:\Users\naman\.m2\repository\org\springframework\boot\spring-boot-starter-web\3.3.4\spring-boot-starter-web-3.3.4.jar;C:\Users\naman\.m2\repository\org\springframework\boot\spring-boot-starter\3.3.4\spring-boot-starter-3.3.4.jar;C:\Users\naman\.m2\repository\org\springframework\boot\spring-boot\3.3.4\spring-boot-3.3.4.jar;C:\Users\naman\.m2\repository\org\springframework\boot\spring-boot-autoconfigure\3.3.4\spring-boot-autoconfigure-3.3.4.jar;C:\Users\naman\.m2\repository\org\springframework\boot\spring-boot-starter-logging\3.3.4\spring-boot-starter-logging-3.3.4.jar;C:\Users\naman\.m2\repository\ch\qos\logback\logback-classic\1.5.8\logback-classic-1.5.8.jar;C:\Users\naman\.m2\repository\ch\qos\logback\logback-core\1.5.8\logback-core-1.5.8.jar;C:\Users\naman\.m2\repository\org\apache\logging\log4j\log4j-to-slf4j\2.23.1\log4j-to-slf4j-2.23.1.jar;C:\Users\naman\.m2\repository\org\apache\logging\log4j\log4j-api\2.23.1\log4j-api-2.23.1.jar;C:\Users\naman\.m2\repository\org\slf4j\jul-to-slf4j\2.0.16\jul-to-slf4j-2.0.16.jar;C:\Users\naman\.m2\repository\org\yaml\snakeyaml\2.2\snakeyaml-2.2.jar;C:\Users\naman\.m2\repository\org\springframework\boot\spring-boot-starter-json\3.3.4\spring-boot-starter-json-3.3.4.jar;C:\Users\naman\.m2\repository\com\fasterxml\jackson\core\jackson-databind\2.17.2\jackson-databind-2.17.2.jar;C:\Users\naman\.m2\repository\com\fasterxml\jackson\core\jackson-annotations\2.17.2\jackson-annotations-2.17.2.jar;C:\Users\naman\.m2\repository\com\fasterxml\jackson\core\jackson-core\2.17.2\jackson-core-2.17.2.jar;C:\Users\naman\.m2\repository\com\fasterxml\jackson\datatype\jackson-datatype-jdk8\2.17.2\jackson-datatype-jdk8-2.17.2.jar;C:\Users\naman\.m2\repository\com\fasterxml\jackson\datatype\jackson-datatype-jsr310\2.17.2\jackson-datatype-jsr310-2.17.2.jar;C:\Users\naman\.m2\repository\com\fasterxml\jackson\module\jackson-module-parameter-names\2.17.2\jackson-module-parameter-names-2.17.2.jar;C:\Users\naman\.m2\repository\org\springframework\boot\spring-boot-starter-tomcat\3.3.4\spring-boot-starter-tomcat-3.3.4.jar;C:\Users\naman\.m2\repository\org\apache\tomcat\embed\tomcat-embed-core\10.1.30\tomcat-embed-core-10.1.30.jar;C:\Users\naman\.m2\repository\org\apache\tomcat\embed\tomcat-embed-el\10.1.30\tomcat-embed-el-10.1.30.jar;C:\Users\naman\.m2\repository\org\apache\tomcat\embed\tomcat-embed-websocket\10.1.30\tomcat-embed-websocket-10.1.30.jar;C:\Users\naman\.m2\repository\org\springframework\spring-web\6.1.13\spring-web-6.1.13.jar;C:\Users\naman\.m2\repository\io\micrometer\micrometer-observation\1.13.4\micrometer-observation-1.13.4.jar;C:\Users\naman\.m2\repository\io\micrometer\micrometer-commons\1.13.4\micrometer-commons-1.13.4.jar;C:\Users\naman\.m2\repository\org\springframework\spring-webmvc\6.1.13\spring-webmvc-6.1.13.jar;C:\Users\naman\.m2\repository\org\springframework\spring-expression\6.1.13\spring-expression-6.1.13.jar;C:\Users\naman\.m2\repository\com\mysql\mysql-connector-j\8.3.0\mysql-connector-j-8.3.0.jar;C:\Users\naman\.m2\repository\org\projectlombok\lombok\1.18.34\lombok-1.18.34.jar;C:\Users\naman\.m2\repository\jakarta\xml\bind\jakarta.xml.bind-api\4.0.2\jakarta.xml.bind-api-4.0.2.jar;C:\Users\naman\.m2\repository\jakarta\activation\jakarta.activation-api\2.1.3\jakarta.activation-api-2.1.3.jar;C:\Users\naman\.m2\repository\org\springframework\spring-core\6.1.13\spring-core-6.1.13.jar;C:\Users\naman\.m2\repository\org\springframework\spring-jcl\6.1.13\spring-jcl-6.1.13.jar
Launcher Type: SUN_STANDARD

[Global flags]
     intx CICompilerCount                          = 4                                         {product} {ergonomic}
     uint ConcGCThreads                            = 2                                         {product} {ergonomic}
     uint G1ConcRefinementThreads                  = 8                                         {product} {ergonomic}
   size_t G1HeapRegionSize                         = 2097152                                   {product} {ergonomic}
    uintx GCDrainStackTargetSize                   = 64                                        {product} {ergonomic}
   size_t InitialHeapSize                          = 201326592                                 {product} {ergonomic}
     bool ManagementServer                         = true                                      {product} {command line}
   size_t MarkStackSize                            = 4194304                                   {product} {ergonomic}
   size_t MaxHeapSize                              = 3193962496                                {product} {ergonomic}
   size_t MaxNewSize                               = 1914699776                                {product} {ergonomic}
   size_t MinHeapDeltaBytes                        = 2097152                                   {product} {ergonomic}
   size_t MinHeapSize                              = 8388608                                   {product} {ergonomic}
    uintx NonNMethodCodeHeapSize                   = 4096                                   {pd product} {ergonomic}
    uintx NonProfiledCodeHeapSize                  = 0                                      {pd product} {ergonomic}
     bool ProfileInterpreter                       = false                                  {pd product} {command line}
    uintx ProfiledCodeHeapSize                     = 0                                      {pd product} {ergonomic}
     bool ShowCodeDetailsInExceptionMessages       = true                                   {manageable} {command line}
   size_t SoftMaxHeapSize                          = 3193962496                             {manageable} {ergonomic}
     intx TieredStopAtLevel                        = 1                                         {product} {command line}
     bool UseCompressedOops                        = true                           {product lp64_product} {ergonomic}
     bool UseG1GC                                  = true                                      {product} {ergonomic}
     bool UseLargePagesIndividualAllocation        = false                                  {pd product} {ergonomic}

Logging:
Log output configuration:
 #0: stdout all=warning uptime,level,tags foldmultilines=false
 #1: stderr all=off uptime,level,tags foldmultilines=false

Environment Variables:
PATH=C:\Users\naman\Documents\Spring Boot tool suit\sts-4.25.0.RELEASE\plugins\org.eclipse.justj.openjdk.hotspot.jre.full.win32.x86_64_21.0.4.v20240802-1551\jre\bin;C:/Users/naman/Documents/Spring Boot tool suit/sts-4.25.0.RELEASE//plugins/org.eclipse.justj.openjdk.hotspot.jre.full.win32.x86_64_21.0.4.v20240802-1551/jre/bin/server;C:/Users/naman/Documents/Spring Boot tool suit/sts-4.25.0.RELEASE//plugins/org.eclipse.justj.openjdk.hotspot.jre.full.win32.x86_64_21.0.4.v20240802-1551/jre/bin;C:\Program Files\Common Files\Oracle\Java\javapath;C:\WINDOWS\system32;C:\WINDOWS;C:\WINDOWS\System32\Wbem;C:\WINDOWS\System32\WindowsPowerShell\v1.0\;C:\WINDOWS\System32\OpenSSH\;C:\Program Files\Maven\apache-maven-3.9.9\bin;C:\Program Files\Git\cmd;C:\Program Files\nodejs\;C:\Users\naman\AppData\Local\Microsoft\WindowsApps;;C:\Program Files\JetBrains\IntelliJ IDEA 2024.2.3\bin;;C:\Users\naman\AppData\Local\Microsoft\WinGet\Packages\Schniz.fnm_Microsoft.Winget.Source_8wekyb3d8bbwe;C:\Users\naman\AppData\Roaming\npm;C:\Users\naman\AppData\Local\Programs\Microsoft VS Code\bin;C:\Users\naman\Documents\Spring Boot tool suit\sts-4.25.0.RELEASE;
USERNAME=naman
OS=Windows_NT
PROCESSOR_IDENTIFIER=Intel64 Family 6 Model 42 Stepping 7, GenuineIntel
TMP=C:\Users\naman\AppData\Local\Temp
TEMP=C:\Users\naman\AppData\Local\Temp




Periodic native trim disabled

---------------  S Y S T E M  ---------------

OS:
 Windows 10 , 64 bit Build 19041 (10.0.19041.4957)
OS uptime: 5 days 22:22 hours

CPU: total 8 (initial active 8) (4 cores per cpu, 2 threads per core) family 6 model 42 stepping 7 microcode 0x2f, cx8, cmov, fxsr, ht, mmx, sse, sse2, sse3, ssse3, sse4.1, sse4.2, popcnt, tsc, tscinvbit, avx, aes, clmul, vzeroupper, clflush, rdtscp
Processor Information for all 8 processors :
  Max Mhz: 2001, Current Mhz: 2001, Mhz Limit: 2001

Memory: 4k page, system-wide physical 12182M (4032M free)
TotalPageFile size 14038M (AvailPageFile size 3009M)
current process WorkingSet (physical memory assigned to process): 259M, peak: 259M
current process commit charge ("private bytes"): 287M, peak: 297M

vm_info: OpenJDK 64-Bit Server VM (21.0.4+7-LTS) for windows-amd64 JRE (21.0.4+7-LTS), built on 2024-07-16T00:00:00Z by "admin" with MS VC++ 17.7 (VS2022)

END.
